IQ-TREE multicore version 2.4.0 for MacOS Intel 64-bit built Feb 12 2025
Developed by Bui Quang Minh, Nguyen Lam Tung, Olga Chernomor, Heiko Schmidt,
Dominik Schrempf, Michael Woodhams, Ly Trong Nhan, Thomas Wong

Host:    MacBook-Air.local (SSE4.2, 16 GB RAM)
Command: iqtree -s data/example_alignements/nt/Rhabdomeric1.nt.aln -m GTR -B 10000 --prefix data/example_alignements/nt/parametric_bootstrap_2
Seed:    471875 (Using SPRNG - Scalable Parallel Random Number Generator)
Time:    Wed Mar 26 12:36:15 2025
Kernel:  SSE2 - 1 threads (8 CPU cores detected)

HINT: Use -nt option to specify number of threads because your CPU has 8 cores!
HINT: -nt AUTO will automatically determine the best number of threads to use.

Reading alignment file data/example_alignements/nt/Rhabdomeric1.nt.aln ... Fasta format detected
Reading fasta file: done in 0.00122285 secs using 95.19% CPU
Alignment most likely contains DNA/RNA sequences
Alignment has 8 sequences with 1404 columns, 263 distinct patterns
189 parsimony-informative, 304 singleton sites, 910 constant sites
                Gap/Ambiguity  Composition  p-value
Analyzing sequences: done in 1.00136e-05 secs using 89.88% CPU
   1  Ovulgaris         2.78%    passed     97.43%
   2  Emoschata         2.78%    passed     94.49%
   3  Cmacropus         2.35%    passed     99.11%
   4  Ecirrhosa         2.56%    passed     99.24%
   5  Ptetracitrrhus    2.78%    passed     82.26%
   6  Sunicirrhus       7.05%    passed     95.95%
   7  Aargo             2.35%    passed     91.85%
   8  Sofficinalis      0.85%    passed     51.67%
****  TOTAL             2.94%  0 sequences failed composition chi2 test (p-value<5%; df=3)

Create initial parsimony tree by phylogenetic likelihood library (PLL)... 0.000 seconds
Generating 10000 samples for ultrafast bootstrap (seed: 471875)...

NOTE: 10 MB RAM (0 GB) is required!
Estimate model parameters (epsilon = 0.100)
1. Initial log-likelihood: -5276.187
2. Current log-likelihood: -5182.657
3. Current log-likelihood: -5182.408
Optimal log-likelihood: -5182.405
Rate parameters:  A-C: 2.03338  A-G: 3.45984  A-T: 1.72455  C-G: 1.68529  C-T: 4.77518  G-T: 1.00000
Base frequencies:  A: 0.262  C: 0.265  G: 0.208  T: 0.265
Parameters optimization took 3 rounds (0.006 sec)
Wrote distance file to... 
Computing ML distances based on estimated model parameters...
Calculating distance matrix: done in 0.00018096 secs using 91.73% CPU
Computing ML distances took 0.000243 sec (of wall-clock time) 0.000210 sec (of CPU time)
Setting up auxiliary I and S matrices: done in 2.09808e-05 secs using 81.03% CPU
Computing RapidNJ tree took 0.000083 sec (of wall-clock time) 0.000089 sec (of CPU time)
Log-likelihood of RapidNJ tree: -5182.405
--------------------------------------------------------------------
|             INITIALIZING CANDIDATE TREE SET                      |
--------------------------------------------------------------------
Generating 99 parsimony trees... 0.024 second
Computing log-likelihood of 53 initial trees ... 0.013 seconds
Current best score: -5182.405

Do NNI search on 20 best initial trees
Estimate model parameters (epsilon = 0.100)
BETTER TREE FOUND at iteration 1: -5182.404
Iteration 10 / LogL: -5182.527 / Time: 0h:0m:0s
Iteration 20 / LogL: -5182.440 / Time: 0h:0m:0s
Finish initializing candidate tree set (2)
Current best tree score: -5182.404 / CPU time: 0.371
Number of iterations: 20
--------------------------------------------------------------------
|               OPTIMIZING CANDIDATE TREE SET                      |
--------------------------------------------------------------------
Iteration 30 / LogL: -5183.487 / Time: 0h:0m:0s (0h:0m:2s left)
Iteration 40 / LogL: -5182.486 / Time: 0h:0m:1s (0h:0m:1s left)
Iteration 50 / LogL: -5182.430 / Time: 0h:0m:1s (0h:0m:1s left)
Log-likelihood cutoff on original alignment: -5234.072
UPDATE BEST LOG-LIKELIHOOD: -5182.404
UPDATE BEST LOG-LIKELIHOOD: -5182.404
Iteration 60 / LogL: -5182.430 / Time: 0h:0m:2s (0h:0m:1s left)
Iteration 70 / LogL: -5182.445 / Time: 0h:0m:2s (0h:0m:1s left)
Iteration 80 / LogL: -5182.442 / Time: 0h:0m:2s (0h:0m:0s left)
Iteration 90 / LogL: -5182.413 / Time: 0h:0m:3s (0h:0m:0s left)
Iteration 100 / LogL: -5182.847 / Time: 0h:0m:3s (0h:0m:0s left)
Log-likelihood cutoff on original alignment: -5234.072
NOTE: Bootstrap correlation coefficient of split occurrence frequencies: 1.000
TREE SEARCH COMPLETED AFTER 102 ITERATIONS / Time: 0h:0m:3s

--------------------------------------------------------------------
|                    FINALIZING TREE SEARCH                        |
--------------------------------------------------------------------
Performs final model parameters optimization
Estimate model parameters (epsilon = 0.010)
1. Initial log-likelihood: -5182.404
Optimal log-likelihood: -5182.404
Rate parameters:  A-C: 2.02634  A-G: 3.46146  A-T: 1.73097  C-G: 1.68496  C-T: 4.77584  G-T: 1.00000
Base frequencies:  A: 0.262  C: 0.265  G: 0.208  T: 0.265
Parameters optimization took 1 rounds (0.001 sec)
BEST SCORE FOUND : -5182.404
Creating bootstrap support values...
Split supports printed to NEXUS file data/example_alignements/nt/parametric_bootstrap_2.splits.nex
Total tree length: 0.607

Total number of iterations: 102
CPU time used for tree search: 3.664 sec (0h:0m:3s)
Wall-clock time used for tree search: 3.489 sec (0h:0m:3s)
Total CPU time used: 3.999 sec (0h:0m:3s)
Total wall-clock time used: 3.831 sec (0h:0m:3s)

Computing bootstrap consensus tree...
Reading input file data/example_alignements/nt/parametric_bootstrap_2.splits.nex...
8 taxa and 31 splits.
Consensus tree written to data/example_alignements/nt/parametric_bootstrap_2.contree
Reading input trees file data/example_alignements/nt/parametric_bootstrap_2.contree
Log-likelihood of consensus tree: -5182.404

Analysis results written to: 
  IQ-TREE report:                data/example_alignements/nt/parametric_bootstrap_2.iqtree
  Maximum-likelihood tree:       data/example_alignements/nt/parametric_bootstrap_2.treefile
  Likelihood distances:          data/example_alignements/nt/parametric_bootstrap_2.mldist

Ultrafast bootstrap approximation results written to:
  Split support values:          data/example_alignements/nt/parametric_bootstrap_2.splits.nex
  Consensus tree:                data/example_alignements/nt/parametric_bootstrap_2.contree
  Screen log file:               data/example_alignements/nt/parametric_bootstrap_2.log

Date and Time: Wed Mar 26 12:36:19 2025
