IQ-TREE multicore version 2.4.0 for MacOS Intel 64-bit built Feb 12 2025
Developed by Bui Quang Minh, Nguyen Lam Tung, Olga Chernomor, Heiko Schmidt,
Dominik Schrempf, Michael Woodhams, Ly Trong Nhan, Thomas Wong

Host:    MacBook-Air.local (SSE4.2, 16 GB RAM)
Command: iqtree -s data/example_alignements/nt/Rhabdomeric1.nt.aln -m MIX+MFP -mset JC,GTR --redo
Seed:    14394 (Using SPRNG - Scalable Parallel Random Number Generator)
Time:    Thu Mar 27 12:46:10 2025
Kernel:  SSE2 - 1 threads (8 CPU cores detected)

HINT: Use -nt option to specify number of threads because your CPU has 8 cores!
HINT: -nt AUTO will automatically determine the best number of threads to use.

Reading alignment file data/example_alignements/nt/Rhabdomeric1.nt.aln ... Fasta format detected
Reading fasta file: done in 0.00138307 secs using 84.02% CPU
Alignment most likely contains DNA/RNA sequences
Alignment has 8 sequences with 1404 columns, 263 distinct patterns
189 parsimony-informative, 304 singleton sites, 910 constant sites
                Gap/Ambiguity  Composition  p-value
Analyzing sequences: done in 2.40803e-05 secs using 66.44% CPU
   1  Ovulgaris         2.78%    passed     97.43%
   2  Emoschata         2.78%    passed     94.49%
   3  Cmacropus         2.35%    passed     99.11%
   4  Ecirrhosa         2.56%    passed     99.24%
   5  Ptetracitrrhus    2.78%    passed     82.26%
   6  Sunicirrhus       7.05%    passed     95.95%
   7  Aargo             2.35%    passed     91.85%
   8  Sofficinalis      0.85%    passed     51.67%
****  TOTAL             2.94%  0 sequences failed composition chi2 test (p-value<5%; df=3)
--------------------------------------------------------------------
|                Optimizing Q-mixture model                        |
--------------------------------------------------------------------


Create initial parsimony tree by phylogenetic likelihood library (PLL)... 0.001 seconds
Perform fast likelihood tree search using GTR+I+G model...
Estimate model parameters (epsilon = 5.000)
Perform nearest neighbor interchange...
Estimate model parameters (epsilon = 1.000)
1. Initial log-likelihood: -5069.892
Optimal log-likelihood: -5069.803
Rate parameters:  A-C: 1.99294  A-G: 4.19393  A-T: 1.72385  C-G: 1.77141  C-T: 6.28173  G-T: 1.00000
Base frequencies:  A: 0.262  C: 0.265  G: 0.208  T: 0.265
Proportion of invariable sites: 0.319
Gamma shape alpha: 0.777
Parameters optimization took 1 rounds (0.003 sec)
Time for fast ML tree search: 0.026 seconds

NOTE: ModelFinder requires 0 MB RAM!
ModelFinder will test up to 44 DNA models (sample size: 1404 epsilon: 0.100) ...
 No. Model         -LnL         df  AIC          AICc         BIC
  1  JC            5273.742     13  10573.484    10573.745    10641.696
  2  JC+I          5175.826     14  10379.653    10379.955    10453.112
  3  JC+G4         5168.433     14  10364.867    10365.169    10438.326
  4  JC+I+G4       5167.814     15  10365.628    10365.974    10444.334
  5  JC+R2         5166.615     15  10363.229    10363.575    10441.935
  6  JC+R3         5165.766     17  10365.532    10365.974    10454.732
 14  JC+I+R2       5166.177     16  10364.353    10364.745    10448.306
 15  JC+I+R3       5165.497     18  10366.995    10367.489    10461.442
 25  GTR+FO+G4     5070.420     22  10184.839    10185.572    10300.275
 26  GTR+FO+I+G4   5069.276     23  10184.552    10185.352    10305.235
 27  GTR+FO+R2     5070.341     23  10186.681    10187.481    10307.364
 36  GTR+FO+I+R2   5068.661     24  10185.321    10186.192    10311.251
Akaike Information Criterion:           GTR+FO+I+G4
Corrected Akaike Information Criterion: GTR+FO+I+G4
Bayesian Information Criterion:         GTR+FO+G4
Best-fit model: GTR+FO+G4 chosen according to BIC

All model information printed to data/example_alignements/nt/Rhabdomeric1.nt.aln.model.gz
CPU time for ModelFinder: 0.248 seconds (0h:0m:0s)
Wall-clock time for ModelFinder: 0.260 seconds (0h:0m:0s)

NOTE: 0 MB RAM (0 GB) is required!
Estimate model parameters (epsilon = 0.100)
1. Initial log-likelihood: -5070.623
2. Current log-likelihood: -5070.417
Optimal log-likelihood: -5070.415
Rate parameters:  A-C: 1.92282  A-G: 4.05335  A-T: 1.75332  C-G: 1.71030  C-T: 6.31399  G-T: 1.00000
Base frequencies:  A: 0.265  C: 0.270  G: 0.210  T: 0.255
Gamma shape alpha: 0.339
Parameters optimization took 2 rounds (0.012 sec)
Wrote distance file to... 
Computing ML distances based on estimated model parameters...
Calculating distance matrix: done in 0.000677824 secs using 46.32% CPU
Computing ML distances took 0.000734 sec (of wall-clock time) 0.000360 sec (of CPU time)
Setting up auxiliary I and S matrices: done in 2.00272e-05 secs using 119.8% CPU
Computing RapidNJ tree took 0.000070 sec (of wall-clock time) 0.000084 sec (of CPU time)
Log-likelihood of RapidNJ tree: -5081.834
--------------------------------------------------------------------
|             INITIALIZING CANDIDATE TREE SET                      |
--------------------------------------------------------------------
Generating 98 parsimony trees... 0.023 second
Computing log-likelihood of 51 initial trees ... 0.025 seconds
Current best score: -5070.415

Do NNI search on 20 best initial trees
Estimate model parameters (epsilon = 0.100)
BETTER TREE FOUND at iteration 1: -5070.414
Iteration 10 / LogL: -5070.824 / Time: 0h:0m:0s
Iteration 20 / LogL: -5070.545 / Time: 0h:0m:0s
Finish initializing candidate tree set (2)
Current best tree score: -5070.414 / CPU time: 0.131
Number of iterations: 20
--------------------------------------------------------------------
|               OPTIMIZING CANDIDATE TREE SET                      |
--------------------------------------------------------------------
Iteration 30 / LogL: -5070.449 / Time: 0h:0m:0s (0h:0m:0s left)
Iteration 40 / LogL: -5073.237 / Time: 0h:0m:0s (0h:0m:0s left)
Iteration 50 / LogL: -5070.461 / Time: 0h:0m:0s (0h:0m:0s left)
UPDATE BEST LOG-LIKELIHOOD: -5070.414
UPDATE BEST LOG-LIKELIHOOD: -5070.414
Iteration 60 / LogL: -5078.839 / Time: 0h:0m:0s (0h:0m:0s left)
Iteration 70 / LogL: -5071.628 / Time: 0h:0m:0s (0h:0m:0s left)
Iteration 80 / LogL: -5070.842 / Time: 0h:0m:0s (0h:0m:0s left)
UPDATE BEST LOG-LIKELIHOOD: -5070.414
Iteration 90 / LogL: -5071.155 / Time: 0h:0m:0s (0h:0m:0s left)
Iteration 100 / LogL: -5078.839 / Time: 0h:0m:0s (0h:0m:0s left)
TREE SEARCH COMPLETED AFTER 102 ITERATIONS / Time: 0h:0m:0s

--------------------------------------------------------------------
|                    FINALIZING TREE SEARCH                        |
--------------------------------------------------------------------
Performs final model parameters optimization
Estimate model parameters (epsilon = 0.010)
1. Initial log-likelihood: -5070.414
Optimal log-likelihood: -5070.414
Rate parameters:  A-C: 1.92280  A-G: 4.05336  A-T: 1.75330  C-G: 1.71028  C-T: 6.31401  G-T: 1.00000
Base frequencies:  A: 0.265  C: 0.270  G: 0.210  T: 0.255
Gamma shape alpha: 0.339
Parameters optimization took 1 rounds (0.003 sec)
BEST SCORE FOUND : -5070.414
Total tree length: 0.943

Total number of iterations: 102
CPU time used for tree search: 0.690 sec (0h:0m:0s)
Wall-clock time used for tree search: 0.499 sec (0h:0m:0s)
Total CPU time used: 0.966 sec (0h:0m:0s)
Total wall-clock time used: 0.787 sec (0h:0m:0s)

Model: GTR+FO+G4; df: 22; loglike: -5070.414; BIC score: 10300.264

Keep adding an additional class until the p-value from the likelihood ratio test > 0.050

NOTE: ModelFinder requires 0 MB RAM!
ModelFinder will test up to 2 DNA models (sample size: 1404 epsilon: 0.100) ...
 No. Model         -LnL         df  AIC          AICc         BIC
  1  MIX{GTR+FO,JC+FO}+G4 5049.980     23  10145.960    10146.760    10266.642
  2  MIX{GTR+FO,GTR+FO}+G4 5027.579     31  10117.158    10118.605    10279.818
Best-fit model: MIX{GTR+FO,JC+FO}+G4 chosen according to BIC

All model information printed to data/example_alignements/nt/Rhabdomeric1.nt.aln.model.gz
CPU time for ModelFinder: 0.524 seconds (0h:0m:0s)
Wall-clock time for ModelFinder: 0.528 seconds (0h:0m:0s)

Model: MIX{GTR+FO,JC+FO}+G4; df: 23; loglike: -5049.980; BIC score: 10266.642; pvalue: 0.000; 

NOTE: ModelFinder requires 0 MB RAM!
ModelFinder will test up to 2 DNA models (sample size: 1404 epsilon: 0.100) ...
 No. Model         -LnL         df  AIC          AICc         BIC
  1  MIX{GTR+FO,JC+FO,JC+FO}+G4 5056.642     24  10161.284    10162.154    10287.214
  2  MIX{GTR+FO,JC+FO,GTR+FO}+G4 5035.642     32  10135.284    10136.824    10303.190
Best-fit model: MIX{GTR+FO,JC+FO,JC+FO}+G4 chosen according to BIC

All model information printed to data/example_alignements/nt/Rhabdomeric1.nt.aln.model.gz
CPU time for ModelFinder: 0.640 seconds (0h:0m:0s)
Wall-clock time for ModelFinder: 0.644 seconds (0h:0m:0s)

Model: MIX{GTR+FO,JC+FO,JC+FO}+G4; df: 24; loglike: -5056.642; BIC score: 10287.214; pvalue: 1.000; 

NOTE: ModelFinder requires 0 MB RAM!
ModelFinder will test up to 22 DNA models (sample size: 1404 epsilon: 0.100) ...
 No. Model         -LnL         df  AIC          AICc         BIC
  1  MIX{GTR+FO,JC+FO} 5171.077     22  10386.154    10386.887    10501.590
  2  MIX{GTR+FO,JC+FO}+I 5061.123     23  10168.245    10169.045    10288.928
  3  MIX{GTR+FO,JC+FO}+G 5049.975     23  10145.950    10146.750    10266.633
  4  MIX{GTR+FO,JC+FO}+I+G 5048.706     24  10145.412    10146.282    10271.342
  5  MIX{GTR+FO,JC+FO}+R2 5049.234     24  10146.468    10147.338    10272.398
  6  MIX{GTR+FO,JC+FO}+R3 5047.430     26  10146.861    10147.880    10283.285
 14  MIX{GTR+FO,JC+FO}+I+R2 5047.754     25  10145.507    10146.451    10276.685
 15  MIX{GTR+FO,JC+FO}+I+R3 5046.968     27  10147.937    10149.035    10289.608
Best-fit model: MIX{GTR+FO,JC+FO}+G chosen according to BIC

All model information printed to data/example_alignements/nt/Rhabdomeric1.nt.aln.model.gz
CPU time for ModelFinder: 0.563 seconds (0h:0m:0s)
Wall-clock time for ModelFinder: 0.574 seconds (0h:0m:0s)
-------------------------------------------------------
  Best-fit Q-Mixture model: MIX{GTR+FO,JC+FO}+G
-------------------------------------------------------

Create initial parsimony tree by phylogenetic likelihood library (PLL)... 0.000 seconds

NOTE: 0 MB RAM (0 GB) is required!
CHECKPOINT: Model parameters restored, LogL: -5088.640
Wrote distance file to... 
--------------------------------------------------------------------
|             INITIALIZING CANDIDATE TREE SET                      |
--------------------------------------------------------------------
CHECKPOINT: Candidate tree set restored, best LogL: -5070.414
Finish initializing candidate tree set (5)
Current best tree score: -5070.414 / CPU time: 0.000
Number of iterations: 0
--------------------------------------------------------------------
|               OPTIMIZING CANDIDATE TREE SET                      |
--------------------------------------------------------------------
Iteration 10 / LogL: -5085.565 / Time: 0h:0m:2s
Iteration 20 / LogL: -5086.339 / Time: 0h:0m:2s
Iteration 30 / LogL: -5085.889 / Time: 0h:0m:2s (0h:0m:0s left)
Iteration 40 / LogL: -5085.627 / Time: 0h:0m:2s (0h:0m:0s left)
Iteration 50 / LogL: -5092.063 / Time: 0h:0m:2s (0h:0m:0s left)
Iteration 60 / LogL: -5086.380 / Time: 0h:0m:3s (0h:0m:0s left)
Iteration 70 / LogL: -5094.653 / Time: 0h:0m:3s (0h:0m:0s left)
Iteration 80 / LogL: -5086.750 / Time: 0h:0m:3s (0h:0m:0s left)
Iteration 90 / LogL: -5092.270 / Time: 0h:0m:3s (0h:0m:0s left)
Iteration 100 / LogL: -5093.499 / Time: 0h:0m:3s (0h:0m:0s left)
TREE SEARCH COMPLETED AFTER 101 ITERATIONS / Time: 0h:0m:3s

--------------------------------------------------------------------
|                    FINALIZING TREE SEARCH                        |
--------------------------------------------------------------------
CHECKPOINT: Final model parameters restored
BEST SCORE FOUND : -5088.640
Total tree length: 0.943

Total number of iterations: 101
CPU time used for tree search: 0.896 sec (0h:0m:0s)
Wall-clock time used for tree search: 0.898 sec (0h:0m:0s)
Total CPU time used: 3.597 sec (0h:0m:3s)
Total wall-clock time used: 3.441 sec (0h:0m:3s)

Analysis results written to: 
  IQ-TREE report:                data/example_alignements/nt/Rhabdomeric1.nt.aln.iqtree
  Maximum-likelihood tree:       data/example_alignements/nt/Rhabdomeric1.nt.aln.treefile
  Likelihood distances:          data/example_alignements/nt/Rhabdomeric1.nt.aln.mldist
  Screen log file:               data/example_alignements/nt/Rhabdomeric1.nt.aln.log

Date and Time: Thu Mar 27 12:46:13 2025
