IQ-TREE multicore version 2.4.0 for MacOS Intel 64-bit built Feb 12 2025
Developed by Bui Quang Minh, Nguyen Lam Tung, Olga Chernomor, Heiko Schmidt,
Dominik Schrempf, Michael Woodhams, Ly Trong Nhan, Thomas Wong

Host:    MacBook-Air.local (SSE4.2, 16 GB RAM)
Command: iqtree -s data/example_bias/alignments/OG0000486.p.aln -lmap 5000 -n 0 -m LG
Seed:    591971 (Using SPRNG - Scalable Parallel Random Number Generator)
Time:    Thu Apr  3 12:07:21 2025
Kernel:  SSE2 - 1 threads (8 CPU cores detected)

HINT: Use -nt option to specify number of threads because your CPU has 8 cores!
HINT: -nt AUTO will automatically determine the best number of threads to use.

Reading alignment file data/example_bias/alignments/OG0000486.p.aln ... Fasta format detected
Reading fasta file: done in 0.00348496 secs using 87.89% CPU
Alignment most likely contains protein sequences
Alignment has 210 sequences with 416 columns, 410 distinct patterns
380 parsimony-informative, 19 singleton sites, 17 constant sites
                 Gap/Ambiguity  Composition  p-value
Analyzing sequences: done in 0.000142813 secs using 96.63% CPU
   1  AM286415           0.00%    passed     27.57%
   2  AORN               0.00%    failed      0.00%
   3  AP012551           0.00%    failed      0.15%
   4  ASM1161710v1       0.00%    passed     77.93%
   5  ASM229144v1        0.00%    passed     16.25%
   6  BX248583           0.48%    failed      0.00%
   7  CP000263           2.40%    failed      0.00%
   8  CP001817          10.58%    failed      0.00%
   9  CP010907           0.00%    passed     29.64%
  10  CP011787           0.48%    passed      5.26%
  11  CP012849          10.10%    failed      0.00%
  12  CP017279           0.00%    failed      0.22%
  13  CP021659           0.24%    passed     18.77%
  14  CP055276           0.00%    failed      0.61%
  15  GCA-000008885     14.18%    failed      0.00%
  16  GCA-000427805      0.00%    passed     24.95%
  17  GCA-001242845      0.72%    failed      0.00%
  18  GCA-001457715      0.00%    failed      0.00%
  19  GCA-002855795      0.48%    passed     43.66%
  20  GCA-002933345      0.00%    failed      0.00%
  21  GCA-004342665      0.00%    passed     19.91%
  22  GCA-012689415      0.00%    failed      0.32%
  23  GCA-015762725      0.00%    failed      1.03%
  24  GCA-016086315      0.48%    failed      0.23%
  25  GCF-000008865.2    0.00%    passed      6.69%
  26  GCF-000186485      0.00%    passed      7.67%
  27  GCF-000247565      6.01%    failed      0.00%
  28  GCF-000258345.2    0.00%    passed     14.03%
  29  GCF-000284655      8.89%    passed     33.72%
  30  GCF-000412335.2    0.24%    passed     27.54%
  31  GCF-000429565      0.00%    passed     94.60%
  32  GCF-000439895      0.00%    passed     17.16%
  33  GCF-000735425      0.00%    failed      0.38%
  34  GCF-000757905      0.00%    passed     88.03%
  35  GCF-000803315      0.00%    passed     33.94%
  36  GCF-001188485     10.10%    passed     40.90%
  37  GCF-001571285      0.00%    failed      3.37%
  38  GCF-001684335      0.00%    passed     99.46%
  39  GCF-001858105      0.00%    passed     14.26%
  40  GCF-001976145      0.00%    failed      3.45%
  41  GCF-002247485      0.00%    failed      3.99%
  42  GCF-002632465      0.00%    passed     95.18%
  43  GCF-002632485      0.00%    passed     99.52%
  44  GCF-002811195      0.00%    failed      1.49%
  45  GCF-002858935      0.00%    failed      0.31%
  46  GCF-002933315      0.00%    failed      0.00%
  47  GCF-003182475      0.00%    passed     12.50%
  48  GCF-003287735      0.00%    passed     99.37%
  49  GCF-003601925      0.00%    passed     31.80%
  50  GCF-003666245      0.00%    failed      3.19%
  51  GCF-003846135      0.00%    passed      9.18%
  52  GCF-004137785      0.00%    passed     38.46%
  53  GCF-004168465      0.48%    failed      0.01%
  54  GCF-004308205      0.00%    passed     86.10%
  55  GCF-004343195      0.96%    failed      2.97%
  56  GCF-009372235      0.00%    failed      3.13%
  57  GCF-009800925      0.00%    passed     10.68%
  58  GCF-010119855      0.00%    passed     98.11%
  59  GCF-011189495      0.00%    passed     97.75%
  60  GCF-011189505      0.00%    passed     95.82%
  61  GCF-011189575      0.00%    passed     97.71%
  62  GCF-012026695      0.00%    failed      0.82%
  63  GCF-012933545      0.00%    failed      0.22%
  64  GCF-013234275      0.00%    passed     34.77%
  65  GCF-013373955      0.48%    passed     27.69%
  66  GCF-013403315      0.00%    failed      0.09%
  67  GCF-014639435      0.24%    passed     59.13%
  68  GCF-014946725      0.00%    passed      8.21%
  69  GCF-015762685      0.00%    failed      1.09%
  70  GCF-016415625      0.00%    failed      0.53%
  71  GCF-016804125      0.00%    failed      0.91%
  72  GCF-900107885      0.00%    failed      4.07%
  73  GCF-900112785      0.00%    passed      9.62%
  74  GCF-900113945      0.00%    passed     99.54%
  75  GCF-900115195      0.00%    passed     87.95%
  76  GCF-900185945      0.00%    failed      4.08%
  77  GCF-900343025      0.00%    passed     88.31%
  78  GCF-900706815     20.19%    failed      0.15%
  79  GCF-902158555      0.00%    passed     13.47%
  80  GCF-902158635      0.00%    passed     28.84%
  81  GCF-902498915      0.00%    passed      7.33%
  82  GCF-903968575      0.00%    passed     92.23%
  83  LN854557           0.00%    failed      0.00%
  84  LN999831           0.24%    passed      9.48%
  85  LN999832           0.00%    passed     74.03%
  86  LT897836           0.00%    passed     53.85%
  87  NC-003197          0.00%    failed      1.30%
  88  NC-004337.2        0.00%    failed      4.24%
  89  NC-004545          1.20%    failed      0.00%
  90  NC-007292          0.72%    failed      0.00%
  91  NC-010554          0.00%    passed     99.20%
  92  NC-010694          0.00%    failed      0.06%
  93  NC-011834          1.68%    failed      0.00%
  94  NC-012779.2        0.00%    passed      5.57%
  95  NC-012880          0.00%    failed      4.92%
  96  NC-012912          0.24%    failed      2.95%
  97  NC-012962          0.00%    passed     91.70%
  98  NC-013716          0.00%    failed      2.68%
  99  NC-013892          0.00%    passed     94.88%
 100  NC-013961          0.00%    failed      0.19%
 101  NC-014109          0.00%    failed      0.00%
 102  NC-014228          0.00%    passed     80.03%
 103  NC-014306          0.00%    passed      8.06%
 104  NC-015735          0.00%    passed      6.45%
 105  NC-016632          0.00%    passed     70.56%
 106  NC-017047          0.00%    passed     37.73%
 107  NC-017554          0.24%    passed     22.80%
 108  NC-017731          0.24%    passed     66.88%
 109  NC-017910          0.00%    failed      0.27%
 110  NC-018419          0.00%    passed     12.97%
 111  NC-018420          0.24%    passed     27.37%
 112  NC-021057          0.00%    passed      7.70%
 113  NZ-AP010872        0.00%    failed      0.00%
 114  NZ-AP014521        0.48%    failed      0.00%
 115  NZ-AP019531        0.00%    passed      7.67%
 116  NZ-AP022665        0.00%    failed      3.79%
 117  NZ-CP006568        0.00%    failed      0.00%
 118  NZ-CP006569        0.00%    failed      0.00%
 119  NZ-CP007044.2      0.96%    passed     24.42%
 120  NZ-CP009253        1.68%    failed      0.00%
 121  NZ-CP009610        3.85%    failed      1.56%
 122  NZ-CP009756        0.00%    failed      4.86%
 123  NZ-CP009973        0.00%    passed     33.85%
 124  NZ-CP010029        0.24%    passed     21.17%
 125  NZ-CP010048        0.96%    failed      0.00%
 126  NZ-CP010049        2.40%    failed      0.24%
 127  NZ-CP011254        0.00%    passed      7.62%
 128  NZ-CP011299        0.96%    failed      0.00%
 129  NZ-CP011602        0.00%    passed     10.66%
 130  NZ-CP013920        0.00%    failed      0.00%
 131  NZ-CP013940        0.48%    failed      0.14%
 132  NZ-CP013990        0.00%    failed      0.79%
 133  NZ-CP014007        0.24%    passed     27.75%
 134  NZ-CP015113        0.00%    passed     19.64%
 135  NZ-CP015749        0.00%    passed     41.28%
 136  NZ-CP017184        0.00%    failed      0.44%
 137  NZ-CP017610        0.00%    passed     24.94%
 138  NZ-CP017671        0.24%    passed     91.88%
 139  NZ-CP019706        0.00%    failed      0.44%
 140  NZ-CP020388        0.48%    failed      0.05%
 141  NZ-CP023529        0.48%    passed     14.82%
 142  NZ-CP023536        0.24%    passed     55.11%
 143  NZ-CP023567        0.00%    failed      0.48%
 144  NZ-CP023706        0.00%    failed      2.23%
 145  NZ-CP024768        0.00%    failed      0.31%
 146  NZ-CP027107        0.48%    failed      1.44%
 147  NZ-CP028926        4.09%    failed      3.92%
 148  NZ-CP029205        1.44%    failed      0.00%
 149  NZ-CP031123.2      0.24%    passed     87.31%
 150  NZ-CP034035        0.00%    failed      1.50%
 151  NZ-CP034148        0.00%    failed      1.14%
 152  NZ-CP034752        0.00%    passed     26.08%
 153  NZ-CP034938        0.00%    passed     22.04%
 154  NZ-CP035129        0.00%    failed      0.55%
 155  NZ-CP038155        0.00%    passed     95.79%
 156  NZ-CP038469        0.00%    passed     16.56%
 157  NZ-CP038662        0.00%    failed      0.15%
 158  NZ-CP038853        0.00%    passed     12.77%
 159  NZ-CP040428        0.00%    failed      3.58%
 160  NZ-CP042220.2      0.72%    failed      2.10%
 161  NZ-CP042941        0.00%    passed     27.06%
 162  NZ-CP045205        0.00%    passed      6.60%
 163  NZ-CP045216        0.00%    failed      0.02%
 164  NZ-CP045300        0.00%    passed      6.90%
 165  NZ-CP045845        0.00%    passed     59.72%
 166  NZ-CP045913        0.00%    failed      0.52%
 167  NZ-CP046202        0.24%    failed      0.00%
 168  NZ-CP046204        0.24%    failed      0.00%
 169  NZ-CP046206        0.24%    failed      0.00%
 170  NZ-CP046208        0.24%    failed      0.00%
 171  NZ-CP046214        0.24%    failed      0.00%
 172  NZ-CP046216        0.48%    failed      0.00%
 173  NZ-CP046218        0.24%    failed      0.00%
 174  NZ-CP046220        0.24%    failed      0.00%
 175  NZ-CP046222        0.48%    failed      0.00%
 176  NZ-CP046224        0.24%    failed      0.00%
 177  NZ-CP046228        0.24%    failed      0.00%
 178  NZ-CP046230        0.00%    failed      0.00%
 179  NZ-CP046232        0.00%    failed      0.00%
 180  NZ-CP046533        0.96%    failed      0.00%
 181  NZ-CP046534        0.72%    failed      0.01%
 182  NZ-CP048243        0.48%    passed     16.66%
 183  NZ-CP048784        0.00%    failed      0.21%
 184  NZ-CP048796        0.24%    passed     91.36%
 185  NZ-CP049021        0.00%    passed     14.38%
 186  NZ-CP049603        0.00%    passed     55.46%
 187  NZ-CP050811        0.00%    passed     33.10%
 188  NZ-CP050855        0.00%    failed      4.90%
 189  NZ-CP050969        0.00%    failed      4.16%
 190  NZ-CP051652        0.00%    passed     14.92%
 191  NZ-CP053416        0.00%    failed      1.87%
 192  NZ-CP054049        0.00%    passed     45.66%
 193  NZ-CP054254        0.00%    failed      0.11%
 194  NZ-CP061511        0.00%    failed      0.49%
 195  NZ-CP063425        0.00%    failed      0.66%
 196  NZ-CP065024        0.00%    passed     71.17%
 197  NZ-CP065534        0.00%    failed      3.01%
 198  NZ-CP069157        0.00%    passed     56.44%
 199  NZ-CP072652        0.00%    failed      4.90%
 200  NZ-HG326223        0.00%    failed      0.20%
 201  NZ-LN999835        0.00%    passed     18.02%
 202  NZ-LR025083        0.00%    passed     80.69%
 203  NZ-LR025108        0.00%    passed     28.30%
 204  NZ-LR134201        0.24%    passed     15.97%
 205  NZ-LR134531        0.00%    passed     44.63%
 206  NZ-LS483470        0.24%    failed      4.91%
 207  NZ-LT594522        6.73%    passed      6.14%
 208  NZ-LT615367        0.24%    passed     10.79%
 209  NZ-LT635893        0.72%    failed      0.00%
 210  NZ-LT883155        0.00%    failed      2.46%
****  TOTAL              0.60%  108 sequences failed composition chi2 test (p-value<5%; df=19)
NOTE: NZ-AP019531 is identical to GCF-000186485 but kept for subsequent analysis
NOTE: NZ-CP072652 is identical to NZ-CP050855 but kept for subsequent analysis

Create initial parsimony tree by phylogenetic likelihood library (PLL)... 0.067 seconds

NOTE: 13 MB RAM (0 GB) is required!
Estimate model parameters (epsilon = 0.010)
1. Initial log-likelihood: -87946.562
Optimal log-likelihood: -87541.314
Parameters optimization took 1 rounds (0.243 sec)

Performing likelihood mapping with 5000 quartets...
WARNING: Number of quartets is recommended to be at least 5250 s.t. each sequence is sampled sufficiently
Computing 5000 quartet likelihoods (one dot represents 100 quartets).

.......... .......... .......... .......... ..........  : 5000

likelihood mapping plot (SVG) written to data/example_bias/alignments/OG0000486.p.aln.lmap.svg
likelihood mapping plot (EPS) written to data/example_bias/alignments/OG0000486.p.aln.lmap.eps
Likelihood mapping needed 17.750 seconds

Wrote distance file to... 
BEST SCORE FOUND : -87541.314
Total tree length: 51.648

Total number of iterations: 0
CPU time used for tree search: 0.000 sec (0h:0m:0s)
Wall-clock time used for tree search: 0.000 sec (0h:0m:0s)
Total CPU time used: 17.882 sec (0h:0m:17s)
Total wall-clock time used: 18.076 sec (0h:0m:18s)

Analysis results written to: 
  IQ-TREE report:                data/example_bias/alignments/OG0000486.p.aln.iqtree
  Maximum-likelihood tree:       data/example_bias/alignments/OG0000486.p.aln.treefile
  Likelihood mapping plot (SVG): data/example_bias/alignments/OG0000486.p.aln.lmap.svg
  Likelihood mapping plot (EPS): data/example_bias/alignments/OG0000486.p.aln.lmap.eps
  Screen log file:               data/example_bias/alignments/OG0000486.p.aln.log

Date and Time: Thu Apr  3 12:07:39 2025
