IQ-TREE multicore version 2.4.0 for MacOS Intel 64-bit built Feb 12 2025
Developed by Bui Quang Minh, Nguyen Lam Tung, Olga Chernomor, Heiko Schmidt,
Dominik Schrempf, Michael Woodhams, Ly Trong Nhan, Thomas Wong

Host:    MacBook-Air.local (SSE4.2, 16 GB RAM)
Command: iqtree -s data/example_bias/alignments/OG0000507.p.aln -lmap 5000 -n 0 -m LG
Seed:    739934 (Using SPRNG - Scalable Parallel Random Number Generator)
Time:    Thu Apr  3 12:07:39 2025
Kernel:  SSE2 - 1 threads (8 CPU cores detected)

HINT: Use -nt option to specify number of threads because your CPU has 8 cores!
HINT: -nt AUTO will automatically determine the best number of threads to use.

Reading alignment file data/example_bias/alignments/OG0000507.p.aln ... Fasta format detected
Reading fasta file: done in 0.0025661 secs using 94.5% CPU
Alignment most likely contains protein sequences
Alignment has 209 sequences with 342 columns, 342 distinct patterns
339 parsimony-informative, 3 singleton sites, 0 constant sites
                 Gap/Ambiguity  Composition  p-value
Analyzing sequences: done in 0.000118971 secs using 94.14% CPU
   1  AM286415           0.00%    passed     42.36%
   2  AORN               0.00%    failed      0.00%
   3  AP012551           0.00%    passed      7.08%
   4  ASM1161710v1       0.00%    passed     58.12%
   5  ASM229144v1        0.00%    passed     84.23%
   6  BX248583           4.09%    failed      0.00%
   7  CP000263           7.31%    failed      0.00%
   8  CP001817           6.43%    failed      0.00%
   9  CP010907           0.58%    failed      0.03%
  10  CP011787           0.88%    failed      0.15%
  11  CP012849           2.05%    failed      0.00%
  12  CP017279           0.00%    passed     20.21%
  13  CP021659           0.00%    passed     74.71%
  14  CP055276           0.00%    passed     23.80%
  15  GCA-000008885      2.34%    failed      0.00%
  16  GCA-000427805      0.00%    passed     97.31%
  17  GCA-001242845      0.00%    failed      0.00%
  18  GCA-001457715      0.88%    failed      0.00%
  19  GCA-002855795      0.00%    passed     99.27%
  20  GCA-002933345      0.00%    failed      0.00%
  21  GCA-004342665      0.29%    passed     63.78%
  22  GCA-015762725      0.00%    passed     22.83%
  23  GCA-016086315      0.00%    passed     13.03%
  24  GCF-000008865.2    0.00%    passed     19.35%
  25  GCF-000186485      0.29%    passed     50.49%
  26  GCF-000247565      4.09%    failed      0.00%
  27  GCF-000258345.2    0.29%    passed     72.76%
  28  GCF-000284655      0.00%    passed     90.61%
  29  GCF-000412335.2    0.00%    passed     24.16%
  30  GCF-000429565      0.00%    passed     99.31%
  31  GCF-000439895      0.00%    passed     55.80%
  32  GCF-000735425      0.58%    passed     71.12%
  33  GCF-000757905      0.00%    passed     92.28%
  34  GCF-000803315      0.29%    passed     90.16%
  35  GCF-001188485      0.00%    passed     16.12%
  36  GCF-001571285      0.00%    passed     25.47%
  37  GCF-001684335      0.00%    passed     94.21%
  38  GCF-001858105      0.00%    passed     14.32%
  39  GCF-001976145      0.00%    passed     17.63%
  40  GCF-002247485      0.00%    passed     15.17%
  41  GCF-002632465      0.00%    passed     81.29%
  42  GCF-002632485      0.00%    passed     82.52%
  43  GCF-002811195      0.00%    passed     29.18%
  44  GCF-002858935      0.00%    passed     37.69%
  45  GCF-002933315      0.29%    failed      0.00%
  46  GCF-003182475      0.00%    passed     26.71%
  47  GCF-003287735      0.00%    passed     97.15%
  48  GCF-003601925      0.00%    passed     72.73%
  49  GCF-003666245      0.00%    passed     91.13%
  50  GCF-003846135      0.00%    passed     46.14%
  51  GCF-004137785      0.29%    passed     88.86%
  52  GCF-004168465      0.00%    failed      4.81%
  53  GCF-004308205      0.00%    passed     28.44%
  54  GCF-004343195      0.00%    passed     50.95%
  55  GCF-009372235      0.00%    passed     66.27%
  56  GCF-009800925      0.00%    passed     96.27%
  57  GCF-010119855      0.00%    passed     95.77%
  58  GCF-011189495      0.00%    passed     88.14%
  59  GCF-011189505      0.00%    passed     79.25%
  60  GCF-011189575      0.00%    passed     96.06%
  61  GCF-012026695      0.58%    passed     15.40%
  62  GCF-012933545      0.00%    passed     53.77%
  63  GCF-013234275      0.00%    passed     63.88%
  64  GCF-013373955      0.00%    passed     87.33%
  65  GCF-013403315      0.00%    failed      2.42%
  66  GCF-014639435      0.00%    passed     55.03%
  67  GCF-014946725      0.00%    passed      6.27%
  68  GCF-015762685      0.00%    passed     25.19%
  69  GCF-016415625      0.00%    passed     31.11%
  70  GCF-016804125      0.00%    failed      1.31%
  71  GCF-900107885      0.00%    passed     31.57%
  72  GCF-900112785      0.00%    passed     20.94%
  73  GCF-900113945      0.00%    passed     92.27%
  74  GCF-900115195      0.00%    passed     88.53%
  75  GCF-900185945      0.00%    failed      3.11%
  76  GCF-900343025      0.00%    passed     68.31%
  77  GCF-900706815      0.00%    passed     50.93%
  78  GCF-902158555      0.00%    failed      4.42%
  79  GCF-902158635      0.00%    passed      6.72%
  80  GCF-902498915      0.00%    passed     10.81%
  81  GCF-903968575      0.00%    passed     97.02%
  82  LN854557           0.00%    failed      0.23%
  83  LN999831           3.80%    passed     45.84%
  84  LN999832           0.00%    passed      9.88%
  85  LT897836           0.00%    passed     63.13%
  86  NC-003197          0.00%    passed      7.87%
  87  NC-004337.2        0.00%    passed     15.10%
  88  NC-004545          5.85%    failed      0.00%
  89  NC-007292          1.17%    failed      0.00%
  90  NC-010554          0.00%    passed     78.22%
  91  NC-010694          0.00%    passed     24.05%
  92  NC-011834          3.80%    failed      0.00%
  93  NC-012779.2        0.00%    failed      1.89%
  94  NC-012880          0.00%    passed     25.15%
  95  NC-012912          0.00%    passed     63.82%
  96  NC-012962          0.00%    passed     84.96%
  97  NC-013716          0.00%    passed     20.80%
  98  NC-013892          0.00%    passed     86.59%
  99  NC-013961          0.00%    failed      2.60%
 100  NC-014109         35.67%    failed      0.00%
 101  NC-014228          0.00%    passed     96.88%
 102  NC-014306          0.00%    passed     29.23%
 103  NC-015735          1.75%    failed      0.61%
 104  NC-016632          0.29%    passed     92.36%
 105  NC-017047          0.00%    passed     50.41%
 106  NC-017554          0.00%    passed     11.56%
 107  NC-017731          0.00%    passed     41.27%
 108  NC-017910          0.00%    passed     23.82%
 109  NC-018419          0.00%    passed     90.44%
 110  NC-018420          0.00%    passed      6.87%
 111  NC-021057          1.75%    failed      0.61%
 112  NZ-AP010872        1.17%    failed      0.00%
 113  NZ-AP014521       10.53%    failed      0.00%
 114  NZ-AP019531        0.29%    passed     50.49%
 115  NZ-AP022665        0.00%    passed     16.60%
 116  NZ-CP006568        0.00%    failed      0.41%
 117  NZ-CP006569        0.00%    failed      0.42%
 118  NZ-CP007044.2      0.00%    passed     33.53%
 119  NZ-CP009253        2.34%    failed      0.00%
 120  NZ-CP009610        3.22%    passed     55.21%
 121  NZ-CP009756        0.00%    passed     20.39%
 122  NZ-CP009973        0.00%    passed     70.91%
 123  NZ-CP010029        0.00%    passed     87.75%
 124  NZ-CP010048        2.92%    failed      0.00%
 125  NZ-CP010049        3.51%    failed      0.00%
 126  NZ-CP011254        0.00%    passed     40.36%
 127  NZ-CP011299        4.68%    failed      0.00%
 128  NZ-CP011602        0.00%    passed     14.85%
 129  NZ-CP013920        0.00%    failed      0.00%
 130  NZ-CP013940        0.00%    passed     29.77%
 131  NZ-CP013990        0.00%    passed     32.93%
 132  NZ-CP014007        0.00%    passed     12.73%
 133  NZ-CP015113        0.00%    passed     14.92%
 134  NZ-CP015749        0.29%    passed     94.05%
 135  NZ-CP017184        0.00%    passed     14.12%
 136  NZ-CP017610        0.29%    passed     59.36%
 137  NZ-CP017671        0.00%    passed     66.25%
 138  NZ-CP019706        0.00%    passed     65.00%
 139  NZ-CP020388        0.00%    passed     13.90%
 140  NZ-CP023529        0.00%    passed      8.08%
 141  NZ-CP023536        0.00%    passed     54.82%
 142  NZ-CP023567        0.00%    failed      4.65%
 143  NZ-CP023706        0.00%    failed      1.13%
 144  NZ-CP024768        0.00%    passed      9.54%
 145  NZ-CP027107        0.00%    passed     21.61%
 146  NZ-CP028926        1.46%    passed     87.80%
 147  NZ-CP029205        2.05%    failed      0.00%
 148  NZ-CP031123.2      0.00%    passed     79.27%
 149  NZ-CP034035        0.00%    passed     90.29%
 150  NZ-CP034148        0.00%    passed      9.47%
 151  NZ-CP034752        0.00%    passed     93.12%
 152  NZ-CP034938        0.29%    passed     84.47%
 153  NZ-CP035129        0.00%    passed     17.28%
 154  NZ-CP038155        0.00%    passed     92.08%
 155  NZ-CP038469        0.00%    passed     31.68%
 156  NZ-CP038662        0.00%    passed     15.42%
 157  NZ-CP038853        0.00%    passed     10.44%
 158  NZ-CP040428        0.00%    passed      7.95%
 159  NZ-CP042220.2      0.00%    passed     62.27%
 160  NZ-CP042941        0.00%    failed      4.84%
 161  NZ-CP045205        0.00%    passed     22.07%
 162  NZ-CP045216        0.00%    failed      3.43%
 163  NZ-CP045300        0.00%    passed     13.36%
 164  NZ-CP045845        0.00%    passed     33.19%
 165  NZ-CP045913        0.00%    passed     72.77%
 166  NZ-CP046202       10.82%    failed      0.00%
 167  NZ-CP046204        6.14%    failed      0.00%
 168  NZ-CP046206        4.39%    failed      0.00%
 169  NZ-CP046208        4.97%    failed      0.00%
 170  NZ-CP046214        4.09%    failed      0.00%
 171  NZ-CP046216        4.09%    failed      0.00%
 172  NZ-CP046218        4.97%    failed      0.00%
 173  NZ-CP046220        6.14%    failed      0.00%
 174  NZ-CP046222        7.31%    failed      0.00%
 175  NZ-CP046224        3.80%    failed      0.00%
 176  NZ-CP046228        3.80%    failed      0.00%
 177  NZ-CP046230        4.68%    failed      0.00%
 178  NZ-CP046232        3.80%    failed      0.00%
 179  NZ-CP046533        3.22%    failed      0.00%
 180  NZ-CP046534        0.00%    failed      0.00%
 181  NZ-CP048243        0.00%    passed     51.69%
 182  NZ-CP048784        0.00%    passed     67.87%
 183  NZ-CP048796        0.00%    passed     77.03%
 184  NZ-CP049021        0.00%    passed     18.42%
 185  NZ-CP049603        0.00%    passed     47.03%
 186  NZ-CP050811        0.00%    passed     12.26%
 187  NZ-CP050855        0.00%    passed     41.03%
 188  NZ-CP050969        1.46%    passed     13.51%
 189  NZ-CP051652        0.29%    passed     80.92%
 190  NZ-CP053416        0.00%    passed     23.01%
 191  NZ-CP054049        0.00%    passed     59.21%
 192  NZ-CP054254        0.00%    failed      3.70%
 193  NZ-CP061511        0.00%    passed     49.90%
 194  NZ-CP063425        0.00%    passed      9.56%
 195  NZ-CP065024        0.00%    passed     47.08%
 196  NZ-CP065534        0.00%    passed     30.90%
 197  NZ-CP069157        0.00%    passed     41.51%
 198  NZ-CP072652        0.00%    passed     45.36%
 199  NZ-HG326223        0.00%    passed     18.86%
 200  NZ-LN999835        0.00%    passed     60.64%
 201  NZ-LR025083        0.00%    passed     47.75%
 202  NZ-LR025108        0.58%    passed     19.62%
 203  NZ-LR134201        0.00%    passed     40.23%
 204  NZ-LR134531        0.58%    passed     62.01%
 205  NZ-LS483470        8.19%    passed     11.49%
 206  NZ-LT594522        1.46%    passed     16.68%
 207  NZ-LT615367        0.00%    passed     47.14%
 208  NZ-LT635893        6.14%    failed      0.00%
 209  NZ-LT883155        0.00%    passed     57.23%
****  TOTAL              1.00%  58 sequences failed composition chi2 test (p-value<5%; df=19)
NOTE: NZ-AP019531 is identical to GCF-000186485 but kept for subsequent analysis
NOTE: NC-021057 is identical to NC-015735 but kept for subsequent analysis

Create initial parsimony tree by phylogenetic likelihood library (PLL)... 0.044 seconds

NOTE: 11 MB RAM (0 GB) is required!
Estimate model parameters (epsilon = 0.010)
1. Initial log-likelihood: -56573.199
Optimal log-likelihood: -56214.401
Parameters optimization took 1 rounds (0.246 sec)

Performing likelihood mapping with 5000 quartets...
WARNING: Number of quartets is recommended to be at least 5225 s.t. each sequence is sampled sufficiently
Computing 5000 quartet likelihoods (one dot represents 100 quartets).

.......... .......... .......... .......... ..........  : 5000

likelihood mapping plot (SVG) written to data/example_bias/alignments/OG0000507.p.aln.lmap.svg
likelihood mapping plot (EPS) written to data/example_bias/alignments/OG0000507.p.aln.lmap.eps
Likelihood mapping needed 14.096 seconds

Wrote distance file to... 
BEST SCORE FOUND : -56214.401
Total tree length: 43.973

Total number of iterations: 0
CPU time used for tree search: 0.000 sec (0h:0m:0s)
Wall-clock time used for tree search: 0.000 sec (0h:0m:0s)
Total CPU time used: 14.366 sec (0h:0m:14s)
Total wall-clock time used: 14.401 sec (0h:0m:14s)

Analysis results written to: 
  IQ-TREE report:                data/example_bias/alignments/OG0000507.p.aln.iqtree
  Maximum-likelihood tree:       data/example_bias/alignments/OG0000507.p.aln.treefile
  Likelihood mapping plot (SVG): data/example_bias/alignments/OG0000507.p.aln.lmap.svg
  Likelihood mapping plot (EPS): data/example_bias/alignments/OG0000507.p.aln.lmap.eps
  Screen log file:               data/example_bias/alignments/OG0000507.p.aln.log

Date and Time: Thu Apr  3 12:07:54 2025
