IQ-TREE multicore version 2.4.0 for MacOS Intel 64-bit built Feb 12 2025
Developed by Bui Quang Minh, Nguyen Lam Tung, Olga Chernomor, Heiko Schmidt,
Dominik Schrempf, Michael Woodhams, Ly Trong Nhan, Thomas Wong

Host:    MacBook-Air.local (SSE4.2, 16 GB RAM)
Command: iqtree -s data/example_bias/alignments/OG0000565.p.aln -lmap 5000 -n 0 -m LG
Seed:    198074 (Using SPRNG - Scalable Parallel Random Number Generator)
Time:    Thu Apr  3 12:07:54 2025
Kernel:  SSE2 - 1 threads (8 CPU cores detected)

HINT: Use -nt option to specify number of threads because your CPU has 8 cores!
HINT: -nt AUTO will automatically determine the best number of threads to use.

Reading alignment file data/example_bias/alignments/OG0000565.p.aln ... Fasta format detected
Reading fasta file: done in 0.00180793 secs using 94.97% CPU
Alignment most likely contains protein sequences
Alignment has 207 sequences with 110 columns, 100 distinct patterns
84 parsimony-informative, 9 singleton sites, 17 constant sites
                 Gap/Ambiguity  Composition  p-value
Analyzing sequences: done in 4.81606e-05 secs using 85.13% CPU
   1  AM286415           0.00%    passed    100.00%
   2  AORN               0.00%    passed     99.94%
   3  AP012551           0.00%    passed     99.75%
   4  ASM1161710v1       0.00%    passed    100.00%
   5  ASM229144v1        0.00%    passed    100.00%
   6  BX248583           0.91%    passed     68.20%
   7  CP000263           0.00%    passed     26.12%
   8  CP001817           0.00%    passed     85.64%
   9  CP010907           0.00%    passed     15.51%
  10  CP011787           0.00%    passed     98.27%
  11  CP012849           0.91%    failed      1.91%
  12  CP017279           0.00%    passed    100.00%
  13  CP021659           0.00%    passed     99.99%
  14  CP055276           0.00%    passed    100.00%
  15  GCA-000008885      0.00%    passed     49.56%
  16  GCA-000427805      0.00%    passed    100.00%
  17  GCA-001242845      0.00%    passed     63.22%
  18  GCA-001457715      0.00%    passed     99.75%
  19  GCA-002855795      0.00%    passed     77.86%
  20  GCA-002933345      0.00%    passed     79.91%
  21  GCA-004342665      0.00%    passed    100.00%
  22  GCA-012689415      0.00%    passed    100.00%
  23  GCA-016086315      0.00%    passed    100.00%
  24  GCF-000008865.2    0.00%    passed    100.00%
  25  GCF-000186485      0.00%    passed    100.00%
  26  GCF-000247565      0.00%    passed     41.57%
  27  GCF-000258345.2    0.00%    passed     99.19%
  28  GCF-000412335.2    0.00%    passed    100.00%
  29  GCF-000429565      0.00%    passed    100.00%
  30  GCF-000439895      0.00%    passed    100.00%
  31  GCF-000735425      0.00%    passed    100.00%
  32  GCF-000757905      0.00%    passed    100.00%
  33  GCF-000803315      0.00%    passed     99.85%
  34  GCF-001188485      0.00%    passed    100.00%
  35  GCF-001571285      0.00%    passed    100.00%
  36  GCF-001684335      0.00%    passed    100.00%
  37  GCF-001858105      0.00%    passed    100.00%
  38  GCF-001976145      0.00%    passed    100.00%
  39  GCF-002247485      0.00%    passed    100.00%
  40  GCF-002632465      0.00%    passed    100.00%
  41  GCF-002632485      0.00%    passed    100.00%
  42  GCF-002811195      0.00%    passed    100.00%
  43  GCF-002858935      0.00%    passed    100.00%
  44  GCF-002933315      0.00%    passed     93.35%
  45  GCF-003182475      0.00%    passed    100.00%
  46  GCF-003287735      0.00%    passed    100.00%
  47  GCF-003601925      0.00%    passed    100.00%
  48  GCF-003666245      0.00%    passed     99.85%
  49  GCF-003846135      0.00%    passed    100.00%
  50  GCF-004137785      0.00%    passed     99.85%
  51  GCF-004168465      0.00%    passed    100.00%
  52  GCF-004308205      0.00%    passed    100.00%
  53  GCF-004343195      0.00%    passed    100.00%
  54  GCF-009372235      0.00%    passed    100.00%
  55  GCF-009800925      0.00%    passed    100.00%
  56  GCF-010119855      0.00%    passed    100.00%
  57  GCF-011189495      0.00%    passed    100.00%
  58  GCF-011189505      0.00%    passed    100.00%
  59  GCF-011189575      0.00%    passed    100.00%
  60  GCF-012026695      0.00%    passed    100.00%
  61  GCF-012933545      0.00%    passed    100.00%
  62  GCF-013234275      0.00%    passed    100.00%
  63  GCF-013373955      0.00%    passed     99.94%
  64  GCF-013403315      0.00%    passed    100.00%
  65  GCF-014639435      0.00%    passed    100.00%
  66  GCF-014946725      0.00%    passed    100.00%
  67  GCF-015762685      0.00%    passed    100.00%
  68  GCF-016415625      0.00%    passed    100.00%
  69  GCF-016804125      0.00%    passed    100.00%
  70  GCF-900107885      0.00%    passed    100.00%
  71  GCF-900112785      0.00%    passed    100.00%
  72  GCF-900113945      0.00%    passed    100.00%
  73  GCF-900115195      0.00%    passed    100.00%
  74  GCF-900185945      0.00%    passed    100.00%
  75  GCF-900706815      0.00%    passed    100.00%
  76  GCF-902158555      0.00%    passed    100.00%
  77  GCF-902158635      0.00%    passed    100.00%
  78  GCF-902498915      0.00%    passed    100.00%
  79  GCF-903968575      0.00%    passed    100.00%
  80  LN854557           0.00%    passed    100.00%
  81  LN999831           0.91%    passed     46.48%
  82  LN999832           0.00%    passed     99.93%
  83  LT897836           0.00%    passed    100.00%
  84  NC-003197          0.00%    passed    100.00%
  85  NC-004337.2        0.00%    passed    100.00%
  86  NC-004545          0.00%    passed     71.92%
  87  NC-007292          0.91%    passed     46.19%
  88  NC-010554          0.00%    passed    100.00%
  89  NC-010694          0.00%    passed    100.00%
  90  NC-011834          0.00%    passed     99.99%
  91  NC-012779.2        0.00%    passed     99.80%
  92  NC-012880          0.00%    passed    100.00%
  93  NC-012912          0.00%    passed    100.00%
  94  NC-012962          0.00%    passed    100.00%
  95  NC-013716          0.00%    passed    100.00%
  96  NC-013892          0.00%    passed    100.00%
  97  NC-013961          0.00%    passed    100.00%
  98  NC-014109          0.00%    passed     10.27%
  99  NC-014228          0.00%    passed    100.00%
 100  NC-014306          0.00%    passed    100.00%
 101  NC-015735          0.00%    passed     98.65%
 102  NC-016632          0.00%    passed    100.00%
 103  NC-017047          0.00%    passed    100.00%
 104  NC-017554          0.00%    passed    100.00%
 105  NC-017731          0.00%    passed    100.00%
 106  NC-017910          0.00%    passed    100.00%
 107  NC-018419          0.00%    passed    100.00%
 108  NC-018420          0.00%    passed     98.77%
 109  NC-021057          0.00%    passed     98.65%
 110  NZ-AP010872        0.00%    passed     80.91%
 111  NZ-AP014521        0.00%    passed     20.01%
 112  NZ-AP019531        0.00%    passed    100.00%
 113  NZ-AP022665        0.00%    passed    100.00%
 114  NZ-CP006568        0.00%    passed    100.00%
 115  NZ-CP006569        0.00%    passed    100.00%
 116  NZ-CP007044.2      0.00%    passed    100.00%
 117  NZ-CP009253        0.00%    passed      9.14%
 118  NZ-CP009610        0.00%    passed     99.99%
 119  NZ-CP009756        0.00%    passed    100.00%
 120  NZ-CP009973        0.00%    passed    100.00%
 121  NZ-CP010029        0.00%    passed    100.00%
 122  NZ-CP010048        0.91%    passed     72.29%
 123  NZ-CP010049        0.91%    passed     59.52%
 124  NZ-CP011254        0.00%    passed    100.00%
 125  NZ-CP011299        0.00%    passed     78.11%
 126  NZ-CP011602        0.00%    passed    100.00%
 127  NZ-CP013920        0.00%    passed     90.01%
 128  NZ-CP013940        0.00%    passed    100.00%
 129  NZ-CP013990        0.00%    passed    100.00%
 130  NZ-CP014007        0.00%    passed    100.00%
 131  NZ-CP015113        0.00%    passed    100.00%
 132  NZ-CP015749        0.00%    passed     99.85%
 133  NZ-CP017184        0.00%    passed    100.00%
 134  NZ-CP017610        0.00%    passed     99.19%
 135  NZ-CP017671        0.00%    passed    100.00%
 136  NZ-CP019706        0.00%    passed    100.00%
 137  NZ-CP020388        0.00%    passed    100.00%
 138  NZ-CP023529        0.00%    passed    100.00%
 139  NZ-CP023536        0.00%    passed    100.00%
 140  NZ-CP023567        0.00%    passed    100.00%
 141  NZ-CP023706        0.00%    passed     99.90%
 142  NZ-CP024768        0.00%    passed    100.00%
 143  NZ-CP027107        0.00%    passed    100.00%
 144  NZ-CP028926        0.00%    passed    100.00%
 145  NZ-CP029205        0.00%    passed     83.68%
 146  NZ-CP031123.2      0.00%    passed    100.00%
 147  NZ-CP034035        0.00%    passed    100.00%
 148  NZ-CP034148        0.00%    passed    100.00%
 149  NZ-CP034752        0.00%    passed    100.00%
 150  NZ-CP034938        0.00%    passed     99.85%
 151  NZ-CP035129        0.00%    passed    100.00%
 152  NZ-CP038155        0.00%    passed    100.00%
 153  NZ-CP038469        0.00%    passed    100.00%
 154  NZ-CP038662        0.00%    passed    100.00%
 155  NZ-CP038853        0.00%    passed    100.00%
 156  NZ-CP040428        0.00%    passed    100.00%
 157  NZ-CP042220.2      0.00%    passed    100.00%
 158  NZ-CP042941        0.00%    passed    100.00%
 159  NZ-CP045205        0.00%    passed    100.00%
 160  NZ-CP045216        0.00%    passed    100.00%
 161  NZ-CP045300        0.00%    passed    100.00%
 162  NZ-CP045845        0.00%    passed    100.00%
 163  NZ-CP045913        0.00%    passed    100.00%
 164  NZ-CP046202        0.00%    failed      0.26%
 165  NZ-CP046204        0.00%    failed      0.04%
 166  NZ-CP046206        0.00%    failed      0.39%
 167  NZ-CP046208        0.00%    passed      8.35%
 168  NZ-CP046214        0.00%    passed     10.42%
 169  NZ-CP046216        0.00%    failed      1.92%
 170  NZ-CP046218        0.00%    failed      0.11%
 171  NZ-CP046220        0.00%    failed      0.29%
 172  NZ-CP046222        0.91%    failed      4.97%
 173  NZ-CP046224        0.00%    passed     16.16%
 174  NZ-CP046228        0.00%    failed      4.93%
 175  NZ-CP046230        0.00%    failed      2.54%
 176  NZ-CP046232        0.00%    failed      1.61%
 177  NZ-CP046533        0.91%    passed     17.54%
 178  NZ-CP046534        0.91%    passed     96.70%
 179  NZ-CP048243        0.00%    passed    100.00%
 180  NZ-CP048784        0.00%    passed    100.00%
 181  NZ-CP048796        0.00%    passed    100.00%
 182  NZ-CP049021        0.00%    passed    100.00%
 183  NZ-CP049603        0.00%    passed    100.00%
 184  NZ-CP050811        0.00%    passed    100.00%
 185  NZ-CP050855        0.00%    passed    100.00%
 186  NZ-CP050969        0.00%    passed     99.99%
 187  NZ-CP051652        0.00%    passed     99.85%
 188  NZ-CP053416        0.00%    passed    100.00%
 189  NZ-CP054049        0.00%    passed    100.00%
 190  NZ-CP054254        0.00%    passed    100.00%
 191  NZ-CP061511        0.00%    passed    100.00%
 192  NZ-CP063425        0.00%    passed    100.00%
 193  NZ-CP065024        0.00%    passed    100.00%
 194  NZ-CP065534        0.00%    passed    100.00%
 195  NZ-CP069157        0.00%    passed    100.00%
 196  NZ-CP072652        0.00%    passed    100.00%
 197  NZ-HG326223        0.00%    passed    100.00%
 198  NZ-LN999835        0.00%    passed     99.48%
 199  NZ-LR025083        0.00%    passed    100.00%
 200  NZ-LR025108        0.00%    passed     12.41%
 201  NZ-LR134201        0.00%    passed    100.00%
 202  NZ-LR134531        0.00%    passed    100.00%
 203  NZ-LS483470        0.00%    passed    100.00%
 204  NZ-LT594522        0.91%    passed     69.04%
 205  NZ-LT615367        0.00%    passed    100.00%
 206  NZ-LT635893        0.00%    passed     13.39%
 207  NZ-LT883155        0.00%    passed    100.00%
****  TOTAL              0.04%  11 sequences failed composition chi2 test (p-value<5%; df=19)
NOTE: ASM1161710v1 is identical to AM286415 but kept for subsequent analysis
NOTE: GCA-004342665 is identical to ASM229144v1 but kept for subsequent analysis
NOTE: CP055276 is identical to CP017279 but kept for subsequent analysis
NOTE: GCF-000008865.2 is identical to GCA-016086315 but kept for subsequent analysis
NOTE: GCF-001976145 is identical to GCF-000186485 but kept for subsequent analysis
NOTE: NZ-CP017610 is identical to GCF-000258345.2 but kept for subsequent analysis
NOTE: GCF-000757905 is identical to GCF-000429565 but kept for subsequent analysis
NOTE: NZ-LS483470 is identical to GCF-000735425 but kept for subsequent analysis
NOTE: GCF-003666245 is identical to GCF-000803315 but kept for subsequent analysis
NOTE: GCF-003287735 is identical to GCF-001684335 but kept for subsequent analysis
NOTE: NZ-CP019706 is identical to GCF-002858935 but kept for subsequent analysis
NOTE: GCF-013234275 is identical to GCF-003601925 but kept for subsequent analysis
NOTE: GCF-014946725 is identical to GCF-013403315 but kept for subsequent analysis
NOTE: NZ-CP065534 is identical to GCF-900107885 but kept for subsequent analysis
NOTE: NC-014228 is identical to GCF-900113945 but kept for subsequent analysis
NOTE: NZ-CP006568 is identical to LN854557 but kept for subsequent analysis
NOTE: NC-013961 is identical to NC-010694 but kept for subsequent analysis
NOTE: NC-021057 is identical to NC-015735 but kept for subsequent analysis
NOTE: NZ-CP017671 is identical to NC-017731 but kept for subsequent analysis
NOTE: NZ-CP015113 is identical to NZ-CP014007 but kept for subsequent analysis
NOTE: NZ-CP038853 is identical to NZ-CP034148 but kept for subsequent analysis
NOTE: NZ-LR134531 is identical to NZ-CP034752 but kept for subsequent analysis
NOTE: 70 identical sequences (see below) will be ignored for subsequent analysis
NOTE: GCF-004308205 (identical to AM286415) is ignored but added at the end
NOTE: GCF-014639435 (identical to AM286415) is ignored but added at the end
NOTE: NC-017047 (identical to AM286415) is ignored but added at the end
NOTE: NZ-CP010029 (identical to AM286415) is ignored but added at the end
NOTE: NZ-CP011254 (identical to AM286415) is ignored but added at the end
NOTE: NZ-CP045913 (identical to AM286415) is ignored but added at the end
NOTE: NZ-CP048243 (identical to AM286415) is ignored but added at the end
NOTE: NZ-CP049603 (identical to AM286415) is ignored but added at the end
NOTE: NZ-CP054049 (identical to AM286415) is ignored but added at the end
NOTE: NZ-CP065024 (identical to AM286415) is ignored but added at the end
NOTE: NZ-LT883155 (identical to AM286415) is ignored but added at the end
NOTE: GCF-009372235 (identical to ASM229144v1) is ignored but added at the end
NOTE: NC-012880 (identical to ASM229144v1) is ignored but added at the end
NOTE: NZ-CP034035 (identical to ASM229144v1) is ignored but added at the end
NOTE: NZ-CP042220.2 (identical to ASM229144v1) is ignored but added at the end
NOTE: GCF-000412335.2 (identical to CP017279) is ignored but added at the end
NOTE: GCF-001188485 (identical to CP017279) is ignored but added at the end
NOTE: GCF-016804125 (identical to CP017279) is ignored but added at the end
NOTE: GCF-900112785 (identical to CP017279) is ignored but added at the end
NOTE: GCF-900185945 (identical to CP017279) is ignored but added at the end
NOTE: GCF-902158555 (identical to CP017279) is ignored but added at the end
NOTE: GCF-902158635 (identical to CP017279) is ignored but added at the end
NOTE: NC-017554 (identical to CP017279) is ignored but added at the end
NOTE: NZ-CP009756 (identical to CP017279) is ignored but added at the end
NOTE: NZ-CP011602 (identical to CP017279) is ignored but added at the end
NOTE: NZ-CP013990 (identical to CP017279) is ignored but added at the end
NOTE: NZ-CP017184 (identical to CP017279) is ignored but added at the end
NOTE: NZ-CP020388 (identical to CP017279) is ignored but added at the end
NOTE: NZ-CP035129 (identical to CP017279) is ignored but added at the end
NOTE: NZ-CP049021 (identical to CP017279) is ignored but added at the end
NOTE: NZ-CP054254 (identical to CP017279) is ignored but added at the end
NOTE: NZ-CP063425 (identical to CP017279) is ignored but added at the end
NOTE: NZ-LR134201 (identical to CP017279) is ignored but added at the end
NOTE: GCF-001858105 (identical to GCA-016086315) is ignored but added at the end
NOTE: GCF-002247485 (identical to GCA-016086315) is ignored but added at the end
NOTE: GCF-003182475 (identical to GCA-016086315) is ignored but added at the end
NOTE: GCF-004168465 (identical to GCA-016086315) is ignored but added at the end
NOTE: GCF-902498915 (identical to GCA-016086315) is ignored but added at the end
NOTE: NC-003197 (identical to GCA-016086315) is ignored but added at the end
NOTE: NC-013716 (identical to GCA-016086315) is ignored but added at the end
NOTE: NZ-CP027107 (identical to GCA-016086315) is ignored but added at the end
NOTE: NZ-CP045205 (identical to GCA-016086315) is ignored but added at the end
NOTE: NZ-CP050811 (identical to GCA-016086315) is ignored but added at the end
NOTE: NZ-CP053416 (identical to GCA-016086315) is ignored but added at the end
NOTE: NZ-AP019531 (identical to GCF-000186485) is ignored but added at the end
NOTE: NZ-CP009973 (identical to GCF-000186485) is ignored but added at the end
NOTE: NZ-CP038662 (identical to GCF-000186485) is ignored but added at the end
NOTE: NZ-CP048784 (identical to GCF-000186485) is ignored but added at the end
NOTE: NZ-CP050855 (identical to GCF-000186485) is ignored but added at the end
NOTE: NZ-CP072652 (identical to GCF-000186485) is ignored but added at the end
NOTE: NZ-HG326223 (identical to GCF-000186485) is ignored but added at the end
NOTE: GCF-903968575 (identical to GCF-000429565) is ignored but added at the end
NOTE: GCF-004137785 (identical to GCF-000803315) is ignored but added at the end
NOTE: NZ-CP015749 (identical to GCF-000803315) is ignored but added at the end
NOTE: NZ-CP034938 (identical to GCF-000803315) is ignored but added at the end
NOTE: NZ-CP051652 (identical to GCF-000803315) is ignored but added at the end
NOTE: GCF-010119855 (identical to GCF-001684335) is ignored but added at the end
NOTE: GCF-011189495 (identical to GCF-001684335) is ignored but added at the end
NOTE: GCF-011189505 (identical to GCF-001684335) is ignored but added at the end
NOTE: GCF-011189575 (identical to GCF-001684335) is ignored but added at the end
NOTE: NC-012962 (identical to GCF-001684335) is ignored but added at the end
NOTE: NZ-CP024768 (identical to GCF-002858935) is ignored but added at the end
NOTE: NZ-CP045216 (identical to GCF-002858935) is ignored but added at the end
NOTE: NZ-CP061511 (identical to GCF-002858935) is ignored but added at the end
NOTE: NZ-CP006569 (identical to LN854557) is ignored but added at the end
NOTE: NZ-CP023567 (identical to NC-010694) is ignored but added at the end
NOTE: NZ-CP023536 (identical to NC-017731) is ignored but added at the end
NOTE: NZ-CP031123.2 (identical to NC-017731) is ignored but added at the end
NOTE: NZ-CP048796 (identical to NC-017731) is ignored but added at the end
NOTE: NZ-CP045300 (identical to NZ-CP014007) is ignored but added at the end
Alignment was printed to data/example_bias/alignments/OG0000565.p.aln.uniqueseq.phy

For your convenience alignment with unique sequences printed to data/example_bias/alignments/OG0000565.p.aln.uniqueseq.phy
WARNING: States(s) W rarely appear in alignment and may cause numerical problems

Create initial parsimony tree by phylogenetic likelihood library (PLL)... 0.009 seconds

NOTE: 2 MB RAM (0 GB) is required!
Estimate model parameters (epsilon = 0.010)
1. Initial log-likelihood: -5650.504
Optimal log-likelihood: -5634.054
Parameters optimization took 1 rounds (0.041 sec)

Performing likelihood mapping with 5000 quartets...
Computing 5000 quartet likelihoods (one dot represents 100 quartets).

.......... .......... .......... .......... ..........  : 5000

likelihood mapping plot (SVG) written to data/example_bias/alignments/OG0000565.p.aln.lmap.svg
likelihood mapping plot (EPS) written to data/example_bias/alignments/OG0000565.p.aln.lmap.eps
Likelihood mapping needed 3.302 seconds

Wrote distance file to... 
BEST SCORE FOUND : -5634.054
Total tree length: 9.439

Total number of iterations: 0
CPU time used for tree search: 0.000 sec (0h:0m:0s)
Wall-clock time used for tree search: 0.000 sec (0h:0m:0s)
Total CPU time used: 3.351 sec (0h:0m:3s)
Total wall-clock time used: 3.364 sec (0h:0m:3s)

Analysis results written to: 
  IQ-TREE report:                data/example_bias/alignments/OG0000565.p.aln.iqtree
  Maximum-likelihood tree:       data/example_bias/alignments/OG0000565.p.aln.treefile
  Likelihood mapping plot (SVG): data/example_bias/alignments/OG0000565.p.aln.lmap.svg
  Likelihood mapping plot (EPS): data/example_bias/alignments/OG0000565.p.aln.lmap.eps
  Screen log file:               data/example_bias/alignments/OG0000565.p.aln.log

Date and Time: Thu Apr  3 12:07:57 2025
