IQ-TREE multicore version 2.4.0 for MacOS Intel 64-bit built Feb 12 2025
Developed by Bui Quang Minh, Nguyen Lam Tung, Olga Chernomor, Heiko Schmidt,
Dominik Schrempf, Michael Woodhams, Ly Trong Nhan, Thomas Wong

Host:    Mac.home-life.hub (SSE4.2, 16 GB RAM)
Command: iqtree -s N0.HOG0000020.aln --redo -ninit 400 -nstop 500
Seed:    92126 (Using SPRNG - Scalable Parallel Random Number Generator)
Time:    Sun Mar 16 11:52:12 2025
Kernel:  SSE2 - 1 threads (8 CPU cores detected)

HINT: Use -nt option to specify number of threads because your CPU has 8 cores!
HINT: -nt AUTO will automatically determine the best number of threads to use.

Reading alignment file N0.HOG0000020.aln ... Fasta format detected
Reading fasta file: done in 0.000931025 secs using 94.63% CPU
Alignment most likely contains protein sequences
Alignment has 8 sequences with 676 columns, 375 distinct patterns
37 parsimony-informative, 240 singleton sites, 399 constant sites
                                 Gap/Ambiguity  Composition  p-value
Analyzing sequences: done in 1.00136e-05 secs using 79.89% CPU
   1  A_granulata|model.g13936.t1_1     74.11%    passed     24.27%
   2  B_glabrata|XP_013081957.1         74.56%    passed     10.60%
   3  C_virginica|XP_022326937.1        55.92%    passed     74.45%
   4  H_robusta|ESO01742.1              51.78%    passed      6.51%
   5  L_gigantea|XP_009065435.1         89.79%    passed      6.78%
   6  O_bimaculoides|XP_014780502.1     13.61%    failed      0.00%
   7  P_fucata|Pma_10023863             75.30%    failed      4.33%
   8  S_constricta|evm.model.ctg306.3   56.95%    passed     23.09%
WARNING: 7 sequences contain more than 50% gaps/ambiguity
****  TOTAL                             61.50%  2 sequences failed composition chi2 test (p-value<5%; df=19)


Create initial parsimony tree by phylogenetic likelihood library (PLL)... 0.000 seconds
Perform fast likelihood tree search using LG+I+G model...
Estimate model parameters (epsilon = 5.000)
Perform nearest neighbor interchange...
Estimate model parameters (epsilon = 1.000)
1. Initial log-likelihood: -4336.995
Optimal log-likelihood: -4335.995
Proportion of invariable sites: 0.214
Gamma shape alpha: 1.773
Parameters optimization took 1 rounds (0.021 sec)
Time for fast ML tree search: 0.083 seconds

NOTE: ModelFinder requires 4 MB RAM!
ModelFinder will test up to 1232 protein models (sample size: 676 epsilon: 0.100) ...
 No. Model         -LnL         df  AIC          AICc         BIC
  1  LG            4449.496     13  8924.992     8925.542     8983.703
  2  LG+I          4356.242     14  8740.484     8741.119     8803.711
  3  LG+G4         4339.570     14  8707.141     8707.776     8770.367
  4  LG+I+G4       4335.361     15  8700.721     8701.448     8768.464
  5  LG+R2         4343.809     15  8717.619     8718.346     8785.362
  6  LG+R3         4338.721     17  8711.441     8712.371     8788.216
 14  LG+I+R2       4334.345     16  8700.690     8701.515     8772.949
+I+R3 reinitialized from +I+R2 with factor 0.500
+I+R3 reinitialized from +I+R2 with factor 0.250
+I+R3 reinitialized from +I+R2 with factor 0.125
 15  LG+I+R3       4334.390     18  8704.779     8705.820     8786.071
 25  LG+F+G4       4203.673     33  8473.346     8476.841     8622.380
 26  LG+F+I+G4     4200.444     34  8468.887     8472.600     8622.438
 36  LG+F+I+R2     4199.728     35  8469.455     8473.393     8627.522
 47  WAG+G4        4315.510     14  8659.020     8659.655     8722.247
 48  WAG+I+G4      4311.037     15  8652.075     8652.802     8719.818
 58  WAG+I+R2      4310.556     16  8653.113     8653.938     8725.372
 69  WAG+F+G4      4205.085     33  8476.170     8479.665     8625.204
 70  WAG+F+I+G4    4201.150     34  8470.300     8474.013     8623.850
 80  WAG+F+I+R2    4200.769     35  8471.537     8475.475     8629.604
 91  JTT+G4        4294.649     14  8617.297     8617.933     8680.524
 92  JTT+I+G4      4289.992     15  8609.983     8610.710     8677.726
102  JTT+I+R2      4289.297     16  8610.594     8611.419     8682.853
113  JTT+F+G4      4194.686     33  8455.372     8458.868     8604.407
114  JTT+F+I+G4    4190.931     34  8449.862     8453.575     8603.412
124  JTT+F+I+R2    4190.427     35  8450.854     8454.791     8608.920
WARNING: Normalizing state frequencies so that sum of them equals to 1
135  Q.pfam+G4     4327.460     14  8682.919     8683.555     8746.146
WARNING: Normalizing state frequencies so that sum of them equals to 1
136  Q.pfam+I+G4   4322.557     15  8675.115     8675.842     8742.858
WARNING: Normalizing state frequencies so that sum of them equals to 1
146  Q.pfam+I+R2   4321.883     16  8675.766     8676.591     8748.025
WARNING: Normalizing state frequencies so that sum of them equals to 1
157  Q.pfam+F+G4   4199.539     33  8465.077     8468.573     8614.112
WARNING: Normalizing state frequencies so that sum of them equals to 1
158  Q.pfam+F+I+G4 4195.640     34  8459.279     8462.992     8612.830
WARNING: Normalizing state frequencies so that sum of them equals to 1
168  Q.pfam+F+I+R2 4194.758     35  8459.516     8463.453     8617.582
WARNING: Normalizing state frequencies so that sum of them equals to 1
179  Q.bird+G4     4306.294     14  8640.587     8641.223     8703.814
WARNING: Normalizing state frequencies so that sum of them equals to 1
180  Q.bird+I+G4   4300.675     15  8631.349     8632.076     8699.092
WARNING: Normalizing state frequencies so that sum of them equals to 1
190  Q.bird+I+R2   4300.686     16  8633.372     8634.197     8705.631
WARNING: Normalizing state frequencies so that sum of them equals to 1
201  Q.bird+F+G4   4218.234     33  8502.469     8505.964     8651.503
WARNING: Normalizing state frequencies so that sum of them equals to 1
202  Q.bird+F+I+G4 4213.339     34  8494.678     8498.391     8648.229
WARNING: Normalizing state frequencies so that sum of them equals to 1
212  Q.bird+F+I+R2 4213.019     35  8496.037     8499.975     8654.104
WARNING: Normalizing state frequencies so that sum of them equals to 1
223  Q.mammal+G4   4286.217     14  8600.433     8601.069     8663.660
WARNING: Normalizing state frequencies so that sum of them equals to 1
224  Q.mammal+I+G4 4280.426     15  8590.853     8591.580     8658.596
WARNING: Normalizing state frequencies so that sum of them equals to 1
234  Q.mammal+I+R2 4279.216     16  8590.433     8591.258     8662.692
WARNING: Normalizing state frequencies so that sum of them equals to 1
245  Q.mammal+F+G4 4208.411     33  8482.823     8486.318     8631.857
WARNING: Normalizing state frequencies so that sum of them equals to 1
246  Q.mammal+F+I+G4 4203.342     34  8474.685     8478.398     8628.235
WARNING: Normalizing state frequencies so that sum of them equals to 1
256  Q.mammal+F+I+R2 4202.116     35  8474.232     8478.170     8632.299
267  Q.insect+G4   4326.422     14  8680.843     8681.479     8744.070
268  Q.insect+I+G4 4320.780     15  8671.561     8672.288     8739.304
278  Q.insect+I+R2 4319.953     16  8671.907     8672.732     8744.166
289  Q.insect+F+G4 4187.538     33  8441.076     8444.572     8590.111
290  Q.insect+F+I+G4 4184.436     34  8436.872     8440.585     8590.423
300  Q.insect+F+I+R2 4183.913     35  8437.826     8441.763     8595.893
WARNING: Normalizing state frequencies so that sum of them equals to 1
311  Q.plant+G4    4338.701     14  8705.402     8706.037     8768.628
WARNING: Normalizing state frequencies so that sum of them equals to 1
312  Q.plant+I+G4  4334.451     15  8698.901     8699.628     8766.644
WARNING: Normalizing state frequencies so that sum of them equals to 1
322  Q.plant+I+R2  4334.501     16  8701.002     8701.827     8773.261
WARNING: Normalizing state frequencies so that sum of them equals to 1
333  Q.plant+F+G4  4207.380     33  8480.760     8484.255     8629.794
WARNING: Normalizing state frequencies so that sum of them equals to 1
334  Q.plant+F+I+G4 4203.868     34  8475.735     8479.448     8629.286
WARNING: Normalizing state frequencies so that sum of them equals to 1
344  Q.plant+F+I+R2 4203.442     35  8476.885     8480.822     8634.951
WARNING: Normalizing state frequencies so that sum of them equals to 1
355  Q.yeast+G4    4335.810     14  8699.619     8700.255     8762.846
WARNING: Normalizing state frequencies so that sum of them equals to 1
356  Q.yeast+I+G4  4330.876     15  8691.753     8692.480     8759.496
WARNING: Normalizing state frequencies so that sum of them equals to 1
366  Q.yeast+I+R2  4329.923     16  8691.846     8692.672     8764.105
WARNING: Normalizing state frequencies so that sum of them equals to 1
377  Q.yeast+F+G4  4193.829     33  8453.659     8457.154     8602.693
WARNING: Normalizing state frequencies so that sum of them equals to 1
378  Q.yeast+F+I+G4 4190.608     34  8449.215     8452.928     8602.766
WARNING: Normalizing state frequencies so that sum of them equals to 1
388  Q.yeast+F+I+R2 4189.739     35  8449.477     8453.415     8607.544
399  JTTDCMut+G4   4295.706     14  8619.412     8620.048     8682.639
400  JTTDCMut+I+G4 4291.111     15  8612.222     8612.949     8679.965
410  JTTDCMut+I+R2 4290.559     16  8613.118     8613.943     8685.377
421  JTTDCMut+F+G4 4195.015     33  8456.030     8459.526     8605.065
422  JTTDCMut+F+I+G4 4191.253     34  8450.506     8454.219     8604.057
432  JTTDCMut+F+I+R2 4190.746     35  8451.492     8455.429     8609.558
443  DCMut+G4      4290.021     14  8608.041     8608.677     8671.268
444  DCMut+I+G4    4288.217     15  8606.435     8607.162     8674.177
454  DCMut+I+R2    4287.869     16  8607.739     8608.564     8679.998
465  DCMut+F+G4    4195.407     33  8456.814     8460.309     8605.848
466  DCMut+F+I+G4  4193.323     34  8454.647     8458.360     8608.197
476  DCMut+F+I+R2  4193.565     35  8457.130     8461.067     8615.196
487  VT+G4         4300.555     14  8629.110     8629.746     8692.337
488  VT+I+G4       4293.699     15  8617.399     8618.126     8685.142
498  VT+I+R2       4293.293     16  8618.586     8619.411     8690.845
509  VT+F+G4       4196.132     33  8458.264     8461.759     8607.298
510  VT+F+I+G4     4190.783     34  8449.566     8453.279     8603.117
520  VT+F+I+R2     4190.170     35  8450.339     8454.277     8608.406
531  PMB+G4        4341.285     14  8710.569     8711.205     8773.796
532  PMB+I+G4      4333.089     15  8696.177     8696.905     8763.920
542  PMB+I+R2      4332.842     16  8697.684     8698.509     8769.943
553  PMB+F+G4      4209.352     33  8484.704     8488.200     8633.739
554  PMB+F+I+G4    4203.312     34  8474.624     8478.337     8628.175
564  PMB+F+I+R2    4202.839     35  8475.679     8479.616     8633.745
575  Blosum62+G4   4360.611     14  8749.221     8749.857     8812.448
576  Blosum62+I+G4 4352.862     15  8735.725     8736.452     8803.468
586  Blosum62+I+R2 4352.601     16  8737.201     8738.027     8809.460
597  Blosum62+F+G4 4209.858     33  8485.716     8489.211     8634.750
598  Blosum62+F+I+G4 4204.077     34  8476.154     8479.867     8629.704
608  Blosum62+F+I+R2 4203.348     35  8476.696     8480.634     8634.763
619  Dayhoff+G4    4290.101     14  8608.202     8608.837     8671.429
620  Dayhoff+I+G4  4288.291     15  8606.582     8607.309     8674.325
630  Dayhoff+I+R2  4287.960     16  8607.919     8608.745     8680.178
641  Dayhoff+F+G4  4195.548     33  8457.096     8460.591     8606.130
642  Dayhoff+F+I+G4 4193.476     34  8454.951     8458.664     8608.502
652  Dayhoff+F+I+R2 4193.726     35  8457.452     8461.389     8615.519
663  mtREV+G4      4446.832     14  8921.664     8922.300     8984.891
664  mtREV+I+G4    4443.968     15  8917.936     8918.663     8985.678
674  mtREV+I+R2    4444.911     16  8921.822     8922.648     8994.082
685  mtREV+F+G4    4204.169     33  8474.338     8477.834     8623.373
686  mtREV+F+I+G4  4202.706     34  8473.411     8477.124     8626.962
696  mtREV+F+I+R2  4202.757     35  8475.515     8479.452     8633.581
707  mtART+G4      4506.846     14  9041.692     9042.327     9104.919
708  mtART+I+G4    4505.270     15  9040.541     9041.268     9108.284
718  mtART+I+R2    4508.517     16  9049.034     9049.860     9121.293
729  mtART+F+G4    4207.450     33  8480.900     8484.395     8629.934
730  mtART+F+I+G4  4207.284     34  8482.569     8486.282     8636.119
740  mtART+F+I+R2  4209.234     35  8488.468     8492.405     8646.535
751  mtZOA+G4      4473.050     14  8974.100     8974.736     9037.327
752  mtZOA+I+G4    4470.436     15  8970.873     8971.600     9038.616
762  mtZOA+I+R2    4472.097     16  8976.195     8977.020     9048.454
773  mtZOA+F+G4    4200.073     33  8466.146     8469.641     8615.180
774  mtZOA+F+I+G4  4199.289     34  8466.577     8470.290     8620.128
784  mtZOA+F+I+R2  4199.783     35  8469.567     8473.504     8627.634
795  mtMet+G4      4501.439     14  9030.879     9031.514     9094.106
796  mtMet+I+G4    4495.727     15  9021.454     9022.181     9089.197
806  mtMet+I+R2    4494.941     16  9021.881     9022.707     9094.140
817  mtMet+F+G4    4199.822     33  8465.644     8469.139     8614.678
818  mtMet+F+I+G4  4197.556     34  8463.112     8466.825     8616.663
828  mtMet+F+I+R2  4197.606     35  8465.213     8469.150     8623.280
839  mtVer+G4      4458.986     14  8945.972     8946.607     9009.199
840  mtVer+I+G4    4453.933     15  8937.865     8938.593     9005.608
850  mtVer+I+R2    4453.504     16  8939.008     8939.833     9011.267
861  mtVer+F+G4    4218.829     33  8503.659     8507.154     8652.693
862  mtVer+F+I+G4  4216.413     34  8500.825     8504.538     8654.376
872  mtVer+F+I+R2  4218.238     35  8506.476     8510.413     8664.542
883  mtInv+G4      4588.414     14  9204.828     9205.463     9268.055
884  mtInv+I+G4    4581.810     15  9193.620     9194.347     9261.363
894  mtInv+I+R2    4580.640     16  9193.279     9194.105     9265.538
905  mtInv+F+G4    4194.686     33  8455.373     8458.868     8604.407
906  mtInv+F+I+G4  4192.809     34  8453.618     8457.331     8607.168
916  mtInv+F+I+R2  4192.233     35  8454.467     8458.404     8612.534
927  mtMAM+G4      4493.517     14  9015.035     9015.670     9078.261
928  mtMAM+I+G4    4492.281     15  9014.562     9015.290     9082.305
938  mtMAM+I+R2    4497.504     16  9027.009     9027.834     9099.268
949  mtMAM+F+G4    4224.880     33  8515.760     8519.255     8664.795
950  mtMAM+F+I+G4  4223.345     34  8514.690     8518.403     8668.240
960  mtMAM+F+I+R2  4228.308     35  8526.615     8530.553     8684.682
WARNING: Normalizing state frequencies so that sum of them equals to 1
971  FLAVI+G4      4415.589     14  8859.179     8859.814     8922.405
WARNING: Normalizing state frequencies so that sum of them equals to 1
972  FLAVI+I+G4    4409.631     15  8849.263     8849.990     8917.005
WARNING: Normalizing state frequencies so that sum of them equals to 1
982  FLAVI+I+R2    4410.123     16  8852.246     8853.071     8924.505
WARNING: Normalizing state frequencies so that sum of them equals to 1
993  FLAVI+F+G4    4238.110     33  8542.220     8545.715     8691.254
WARNING: Normalizing state frequencies so that sum of them equals to 1
994  FLAVI+F+I+G4  4233.332     34  8534.664     8538.376     8688.214
WARNING: Normalizing state frequencies so that sum of them equals to 1
1004  FLAVI+F+I+R2  4234.494     35  8538.988     8542.926     8697.055
1015  HIVb+G4       4371.022     14  8770.045     8770.680     8833.272
1016  HIVb+I+G4     4364.499     15  8758.999     8759.726     8826.742
1026  HIVb+I+R2     4364.085     16  8760.171     8760.996     8832.430
1037  HIVb+F+G4     4225.073     33  8516.145     8519.641     8665.180
1038  HIVb+F+I+G4   4221.202     34  8510.404     8514.117     8663.954
1048  HIVb+F+I+R2   4222.275     35  8514.549     8518.487     8672.616
1059  HIVw+G4       4417.707     14  8863.414     8864.049     8926.640
1060  HIVw+I+G4     4410.563     15  8851.125     8851.853     8918.868
1070  HIVw+I+R2     4410.279     16  8852.559     8853.384     8924.818
1081  HIVw+F+G4     4251.812     33  8569.624     8573.119     8718.658
1082  HIVw+F+I+G4   4245.632     34  8559.264     8562.977     8712.815
1092  HIVw+F+I+R2   4245.184     35  8560.367     8564.305     8718.434
1103  FLU+G4        4322.105     14  8672.210     8672.845     8735.436
1104  FLU+I+G4      4314.672     15  8659.344     8660.071     8727.087
1114  FLU+I+R2      4314.439     16  8660.877     8661.703     8733.136
1125  FLU+F+G4      4229.253     33  8524.507     8528.002     8673.541
1126  FLU+F+I+G4    4222.046     34  8512.092     8515.805     8665.643
1136  FLU+F+I+R2    4221.598     35  8513.197     8517.134     8671.264
1147  rtREV+G4      4322.957     14  8673.914     8674.550     8737.141
1148  rtREV+I+G4    4318.556     15  8667.112     8667.839     8734.855
1158  rtREV+I+R2    4317.975     16  8667.950     8668.775     8740.209
1169  rtREV+F+G4    4200.235     33  8466.470     8469.965     8615.504
1170  rtREV+F+I+G4  4197.092     34  8462.183     8465.896     8615.734
1180  rtREV+F+I+R2  4196.195     35  8462.390     8466.328     8620.457
1191  cpREV+G4      4355.716     14  8739.431     8740.067     8802.658
1192  cpREV+I+G4    4352.929     15  8735.858     8736.585     8803.601
1202  cpREV+I+R2    4352.387     16  8736.775     8737.600     8809.034
1213  cpREV+F+G4    4214.086     33  8494.172     8497.667     8643.206
1214  cpREV+F+I+G4  4211.499     34  8490.997     8494.710     8644.548
1224  cpREV+F+I+R2  4212.718     35  8495.435     8499.373     8653.502
Akaike Information Criterion:           Q.insect+F+I+G4
Corrected Akaike Information Criterion: Q.insect+F+I+G4
Bayesian Information Criterion:         Q.insect+F+G4
Best-fit model: Q.insect+F+G4 chosen according to BIC

All model information printed to N0.HOG0000020.aln.model.gz
CPU time for ModelFinder: 7.790 seconds (0h:0m:7s)
Wall-clock time for ModelFinder: 7.810 seconds (0h:0m:7s)

NOTE: 1 MB RAM (0 GB) is required!
Estimate model parameters (epsilon = 0.100)
1. Initial log-likelihood: -4189.103
2. Current log-likelihood: -4187.853
3. Current log-likelihood: -4187.608
Optimal log-likelihood: -4187.547
Gamma shape alpha: 0.604
Parameters optimization took 3 rounds (0.052 sec)
Wrote distance file to... 
Computing ML distances based on estimated model parameters...
Calculating distance matrix: done in 0.00249505 secs using 99.56% CPU
Computing ML distances took 0.002535 sec (of wall-clock time) 0.002515 sec (of CPU time)
Setting up auxiliary I and S matrices: done in 1.21593e-05 secs using 123.4% CPU
Computing RapidNJ tree took 0.000044 sec (of wall-clock time) 0.000054 sec (of CPU time)
Log-likelihood of RapidNJ tree: -4195.967
--------------------------------------------------------------------
|             INITIALIZING CANDIDATE TREE SET                      |
--------------------------------------------------------------------
Generating 398 parsimony trees... 0.071 second
Computing log-likelihood of 163 initial trees ... 0.601 seconds
Current best score: -4187.547

Do NNI search on 20 best initial trees
Estimate model parameters (epsilon = 0.100)
BETTER TREE FOUND at iteration 1: -4187.532
Iteration 10 / LogL: -4187.978 / Time: 0h:0m:8s
Iteration 20 / LogL: -4187.796 / Time: 0h:0m:9s
Finish initializing candidate tree set (4)
Current best tree score: -4187.532 / CPU time: 1.506
Number of iterations: 20
--------------------------------------------------------------------
|               OPTIMIZING CANDIDATE TREE SET                      |
--------------------------------------------------------------------
UPDATE BEST LOG-LIKELIHOOD: -4187.532
Iteration 30 / LogL: -4187.811 / Time: 0h:0m:9s (0h:0m:31s left)
Iteration 40 / LogL: -4187.992 / Time: 0h:0m:10s (0h:0m:28s left)
Iteration 50 / LogL: -4190.624 / Time: 0h:0m:10s (0h:0m:26s left)
Iteration 60 / LogL: -4187.701 / Time: 0h:0m:11s (0h:0m:23s left)
Iteration 70 / LogL: -4189.265 / Time: 0h:0m:11s (0h:0m:23s left)
Iteration 80 / LogL: -4188.055 / Time: 0h:0m:12s (0h:0m:22s left)
Iteration 90 / LogL: -4188.029 / Time: 0h:0m:12s (0h:0m:21s left)
Iteration 100 / LogL: -4190.314 / Time: 0h:0m:12s (0h:0m:20s left)
Iteration 110 / LogL: -4190.314 / Time: 0h:0m:13s (0h:0m:20s left)
Iteration 120 / LogL: -4187.750 / Time: 0h:0m:13s (0h:0m:19s left)
Iteration 130 / LogL: -4188.684 / Time: 0h:0m:14s (0h:0m:19s left)
UPDATE BEST LOG-LIKELIHOOD: -4187.530
Iteration 140 / LogL: -4187.530 / Time: 0h:0m:14s (0h:0m:18s left)
Iteration 150 / LogL: -4187.695 / Time: 0h:0m:15s (0h:0m:17s left)
Iteration 160 / LogL: -4190.314 / Time: 0h:0m:15s (0h:0m:17s left)
Iteration 170 / LogL: -4187.963 / Time: 0h:0m:16s (0h:0m:16s left)
Iteration 180 / LogL: -4187.744 / Time: 0h:0m:16s (0h:0m:15s left)
Iteration 190 / LogL: -4187.796 / Time: 0h:0m:17s (0h:0m:15s left)
Iteration 200 / LogL: -4187.915 / Time: 0h:0m:17s (0h:0m:14s left)
Iteration 210 / LogL: -4188.808 / Time: 0h:0m:17s (0h:0m:14s left)
Iteration 220 / LogL: -4188.847 / Time: 0h:0m:18s (0h:0m:13s left)
Iteration 230 / LogL: -4188.840 / Time: 0h:0m:18s (0h:0m:13s left)
Iteration 240 / LogL: -4187.710 / Time: 0h:0m:19s (0h:0m:12s left)
Iteration 250 / LogL: -4189.330 / Time: 0h:0m:19s (0h:0m:12s left)
Iteration 260 / LogL: -4188.228 / Time: 0h:0m:20s (0h:0m:11s left)
Iteration 270 / LogL: -4189.130 / Time: 0h:0m:20s (0h:0m:11s left)
Iteration 280 / LogL: -4188.949 / Time: 0h:0m:21s (0h:0m:10s left)
Iteration 290 / LogL: -4187.910 / Time: 0h:0m:21s (0h:0m:10s left)
Iteration 300 / LogL: -4187.802 / Time: 0h:0m:21s (0h:0m:9s left)
UPDATE BEST LOG-LIKELIHOOD: -4187.529
Iteration 310 / LogL: -4187.819 / Time: 0h:0m:22s (0h:0m:9s left)
Iteration 320 / LogL: -4188.889 / Time: 0h:0m:22s (0h:0m:8s left)
Iteration 330 / LogL: -4188.675 / Time: 0h:0m:23s (0h:0m:8s left)
Iteration 340 / LogL: -4187.833 / Time: 0h:0m:23s (0h:0m:7s left)
Iteration 350 / LogL: -4187.574 / Time: 0h:0m:24s (0h:0m:7s left)
UPDATE BEST LOG-LIKELIHOOD: -4187.529
Iteration 360 / LogL: -4188.548 / Time: 0h:0m:24s (0h:0m:6s left)
Iteration 370 / LogL: -4187.696 / Time: 0h:0m:24s (0h:0m:6s left)
Iteration 380 / LogL: -4187.655 / Time: 0h:0m:25s (0h:0m:5s left)
Iteration 390 / LogL: -4187.776 / Time: 0h:0m:25s (0h:0m:5s left)
Iteration 400 / LogL: -4188.840 / Time: 0h:0m:26s (0h:0m:4s left)
Iteration 410 / LogL: -4187.845 / Time: 0h:0m:26s (0h:0m:4s left)
Iteration 420 / LogL: -4187.618 / Time: 0h:0m:27s (0h:0m:3s left)
Iteration 430 / LogL: -4188.930 / Time: 0h:0m:27s (0h:0m:3s left)
Iteration 440 / LogL: -4187.693 / Time: 0h:0m:27s (0h:0m:2s left)
Iteration 450 / LogL: -4187.811 / Time: 0h:0m:28s (0h:0m:2s left)
Iteration 460 / LogL: -4187.914 / Time: 0h:0m:28s (0h:0m:1s left)
Iteration 470 / LogL: -4187.811 / Time: 0h:0m:29s (0h:0m:1s left)
Iteration 480 / LogL: -4187.741 / Time: 0h:0m:29s (0h:0m:0s left)
Iteration 490 / LogL: -4187.702 / Time: 0h:0m:30s (0h:0m:0s left)
Iteration 500 / LogL: -4187.610 / Time: 0h:0m:30s (0h:0m:0s left)
TREE SEARCH COMPLETED AFTER 502 ITERATIONS / Time: 0h:0m:30s

--------------------------------------------------------------------
|                    FINALIZING TREE SEARCH                        |
--------------------------------------------------------------------
Performs final model parameters optimization
Estimate model parameters (epsilon = 0.010)
1. Initial log-likelihood: -4187.529
Optimal log-likelihood: -4187.528
Gamma shape alpha: 0.611
Parameters optimization took 1 rounds (0.011 sec)
BEST SCORE FOUND : -4187.528
Total tree length: 7.329

Total number of iterations: 502
CPU time used for tree search: 22.870 sec (0h:0m:22s)
Wall-clock time used for tree search: 22.787 sec (0h:0m:22s)
Total CPU time used: 30.774 sec (0h:0m:30s)
Total wall-clock time used: 30.690 sec (0h:0m:30s)

Analysis results written to: 
  IQ-TREE report:                N0.HOG0000020.aln.iqtree
  Maximum-likelihood tree:       N0.HOG0000020.aln.treefile
  Likelihood distances:          N0.HOG0000020.aln.mldist
  Screen log file:               N0.HOG0000020.aln.log

Date and Time: Sun Mar 16 11:52:42 2025
